2025-09-18 01:53:24 | [INFO] device=cuda ddp=False world_size=1 arch=resnet18 modality=hough aug_policy=rebalance
2025-09-18 01:53:24 | [INFO] GPU=NVIDIA GeForce GTX 1080 Ti CC=(6, 1)
2025-09-18 01:53:24 | [INFO] FocalLoss for training; TF32 allowed if supported.
2025-09-18 01:53:24 | [INFO] train after aug-policy='rebalance': n=10044 pos=1345 pos_rate=0.133911
2025-09-18 02:15:54 | [INFO] device=cuda:0 ddp=True world_size=2 arch=resnet18 modality=hough aug_policy=rebalance
2025-09-18 02:15:54 | [INFO] GPU=NVIDIA GeForce GTX 1080 Ti CC=(6, 1)
2025-09-18 02:15:54 | [INFO] FocalLoss for training; TF32 allowed if supported.
2025-09-18 02:15:54 | [INFO] train after aug-policy='rebalance': n=10044 pos=1345 pos_rate=0.133911
2025-09-18 02:17:05 | [01/12] step 00100/00157 loss=0.02611 | 91.5 img/s
2025-09-18 02:17:55 | [01/12] step 00157/00157 loss=0.03087 | 83.8 img/s
2025-09-18 02:18:07 | [VAL 01 thr=0.50] acc=86.79% prec1=1.0000 recall1=0.0137 tnr=1.0000 f1=0.0269 f2=0.0170 balacc=0.5068 TP=4 FP=0 TN=1894 FN=289
2025-09-18 02:18:07 | [VAL 01 best by balacc] thr=0.200 acc=77.23% prec1=0.3525 recall1=0.8362 tnr=0.7624 f1=0.4960 f2=0.6561 balacc=0.7993 TP=245 FP=450 TN=1444 FN=48
2025-09-18 02:18:07 | [CKPT] Saved BEST → /home/ana/Downloads/Ana/satelite/models/resnet/hough/best.pt | balacc=0.7993 | thr=0.200
2025-09-18 02:18:52 | [02/12] step 00100/00157 loss=0.02348 | 143.6 img/s
2025-09-18 02:19:17 | [02/12] step 00157/00157 loss=0.02847 | 143.8 img/s
2025-09-18 02:19:25 | [VAL 02 thr=0.50] acc=86.56% prec1=0.4286 recall1=0.0102 tnr=0.9979 f1=0.0200 f2=0.0127 balacc=0.5041 TP=3 FP=4 TN=1890 FN=290
2025-09-18 02:19:25 | [VAL 02 best by balacc] thr=0.260 acc=81.39% prec1=0.4003 recall1=0.7816 tnr=0.8189 f1=0.5295 f2=0.6565 balacc=0.8002 TP=229 FP=343 TN=1551 FN=64
2025-09-18 02:19:25 | [CKPT] Saved BEST → /home/ana/Downloads/Ana/satelite/models/resnet/hough/best.pt | balacc=0.8002 | thr=0.260
2025-09-18 02:20:10 | [03/12] step 00100/00157 loss=0.02315 | 142.8 img/s
2025-09-18 02:20:36 | [03/12] step 00157/00157 loss=0.02765 | 143.1 img/s
2025-09-18 02:20:43 | [VAL 03 thr=0.50] acc=86.56% prec1=0.4286 recall1=0.0102 tnr=0.9979 f1=0.0200 f2=0.0127 balacc=0.5041 TP=3 FP=4 TN=1890 FN=290
2025-09-18 02:20:43 | [VAL 03 best by balacc] thr=0.220 acc=76.73% prec1=0.3466 recall1=0.8328 tnr=0.7571 f1=0.4895 f2=0.6503 balacc=0.7949 TP=244 FP=460 TN=1434 FN=49
2025-09-18 02:21:29 | [04/12] step 00100/00157 loss=0.02246 | 142.0 img/s
2025-09-18 02:21:54 | [04/12] step 00157/00157 loss=0.02706 | 142.4 img/s
2025-09-18 02:22:02 | [VAL 04 thr=0.50] acc=86.56% prec1=0.4000 recall1=0.0068 tnr=0.9984 f1=0.0134 f2=0.0085 balacc=0.5026 TP=2 FP=3 TN=1891 FN=291
2025-09-18 02:22:02 | [VAL 04 best by balacc] thr=0.260 acc=83.77% prec1=0.4392 recall1=0.7645 tnr=0.8490 f1=0.5579 f2=0.6659 balacc=0.8068 TP=224 FP=286 TN=1608 FN=69
2025-09-18 02:22:02 | [CKPT] Saved BEST → /home/ana/Downloads/Ana/satelite/models/resnet/hough/best.pt | balacc=0.8068 | thr=0.260
2025-09-18 02:22:48 | [05/12] step 00100/00157 loss=0.02211 | 141.2 img/s
2025-09-18 02:23:13 | [05/12] step 00157/00157 loss=0.02633 | 141.7 img/s
2025-09-18 02:23:21 | [VAL 05 thr=0.50] acc=86.60% prec1=0.0000 recall1=0.0000 tnr=1.0000 f1=0.0000 f2=0.0000 balacc=0.5000 TP=0 FP=0 TN=1894 FN=293
2025-09-18 02:23:21 | [VAL 05 best by balacc] thr=0.200 acc=83.17% prec1=0.4294 recall1=0.7782 tnr=0.8400 f1=0.5534 f2=0.6694 balacc=0.8091 TP=228 FP=303 TN=1591 FN=65
2025-09-18 02:23:21 | [CKPT] Saved BEST → /home/ana/Downloads/Ana/satelite/models/resnet/hough/best.pt | balacc=0.8091 | thr=0.200
2025-09-18 02:24:07 | [06/12] step 00100/00157 loss=0.02210 | 141.1 img/s
2025-09-18 02:24:32 | [06/12] step 00157/00157 loss=0.02630 | 141.5 img/s
2025-09-18 02:24:40 | [VAL 06 thr=0.50] acc=88.29% prec1=0.7937 recall1=0.1706 tnr=0.9931 f1=0.2809 f2=0.2024 balacc=0.5819 TP=50 FP=13 TN=1881 FN=243
2025-09-18 02:24:40 | [VAL 06 best by balacc] thr=0.280 acc=79.65% prec1=0.3790 recall1=0.8123 tnr=0.7941 f1=0.5168 f2=0.6611 balacc=0.8032 TP=238 FP=390 TN=1504 FN=55
2025-09-18 02:25:26 | [07/12] step 00100/00157 loss=0.02176 | 139.9 img/s
2025-09-18 02:25:52 | [07/12] step 00157/00157 loss=0.02585 | 140.1 img/s
2025-09-18 02:26:00 | [VAL 07 thr=0.50] acc=87.52% prec1=0.8125 recall1=0.0887 tnr=0.9968 f1=0.1600 f2=0.1080 balacc=0.5428 TP=26 FP=6 TN=1888 FN=267
2025-09-18 02:26:00 | [VAL 07 best by balacc] thr=0.260 acc=82.44% prec1=0.4174 recall1=0.7850 tnr=0.8305 f1=0.5450 f2=0.6674 balacc=0.8078 TP=230 FP=321 TN=1573 FN=63
2025-09-18 02:26:46 | [08/12] step 00100/00157 loss=0.02161 | 139.3 img/s
2025-09-18 02:27:12 | [08/12] step 00157/00157 loss=0.02554 | 139.4 img/s
2025-09-18 02:27:20 | [VAL 08 thr=0.50] acc=87.56% prec1=0.8182 recall1=0.0922 tnr=0.9968 f1=0.1656 f2=0.1120 balacc=0.5445 TP=27 FP=6 TN=1888 FN=266
2025-09-18 02:27:20 | [VAL 08 best by balacc] thr=0.260 acc=80.34% prec1=0.3868 recall1=0.7986 tnr=0.8041 f1=0.5212 f2=0.6584 balacc=0.8014 TP=234 FP=371 TN=1523 FN=59
2025-09-18 02:28:06 | [09/12] step 00100/00157 loss=0.02160 | 138.7 img/s
2025-09-18 02:28:32 | [09/12] step 00157/00157 loss=0.02541 | 139.1 img/s
2025-09-18 02:28:40 | [VAL 09 thr=0.50] acc=86.65% prec1=0.5714 recall1=0.0137 tnr=0.9984 f1=0.0267 f2=0.0170 balacc=0.5060 TP=4 FP=3 TN=1891 FN=289
2025-09-18 02:28:40 | [VAL 09 best by balacc] thr=0.200 acc=80.70% prec1=0.3941 recall1=0.8191 tnr=0.8052 f1=0.5322 f2=0.6738 balacc=0.8121 TP=240 FP=369 TN=1525 FN=53
2025-09-18 02:28:40 | [CKPT] Saved BEST → /home/ana/Downloads/Ana/satelite/models/resnet/hough/best.pt | balacc=0.8121 | thr=0.200
2025-09-18 02:29:27 | [10/12] step 00100/00157 loss=0.02133 | 138.0 img/s
2025-09-18 02:29:53 | [10/12] step 00157/00157 loss=0.02501 | 138.8 img/s
2025-09-18 02:30:01 | [VAL 10 thr=0.50] acc=87.15% prec1=0.8750 recall1=0.0478 tnr=0.9989 f1=0.0906 f2=0.0589 balacc=0.5234 TP=14 FP=2 TN=1892 FN=279
2025-09-18 02:30:01 | [VAL 10 best by balacc] thr=0.220 acc=77.18% prec1=0.3494 recall1=0.8157 tnr=0.7650 f1=0.4893 f2=0.6439 balacc=0.7904 TP=239 FP=445 TN=1449 FN=54
2025-09-18 02:30:47 | [11/12] step 00100/00157 loss=0.02178 | 138.5 img/s
2025-09-18 02:31:13 | [11/12] step 00157/00157 loss=0.02477 | 138.9 img/s
2025-09-18 02:31:21 | [VAL 11 thr=0.50] acc=86.65% prec1=1.0000 recall1=0.0034 tnr=1.0000 f1=0.0068 f2=0.0043 balacc=0.5017 TP=1 FP=0 TN=1894 FN=292
2025-09-18 02:31:21 | [VAL 11 best by balacc] thr=0.160 acc=74.76% prec1=0.3303 recall1=0.8601 tnr=0.7302 f1=0.4773 f2=0.6512 balacc=0.7951 TP=252 FP=511 TN=1383 FN=41
2025-09-18 02:32:08 | [12/12] step 00100/00157 loss=0.02118 | 138.4 img/s
2025-09-18 02:32:34 | [12/12] step 00157/00157 loss=0.02425 | 138.8 img/s
2025-09-18 02:32:42 | [VAL 12 thr=0.50] acc=86.79% prec1=0.7000 recall1=0.0239 tnr=0.9984 f1=0.0462 f2=0.0296 balacc=0.5112 TP=7 FP=3 TN=1891 FN=286
2025-09-18 02:32:42 | [VAL 12 best by balacc] thr=0.200 acc=79.42% prec1=0.3775 recall1=0.8259 tnr=0.7893 f1=0.5182 f2=0.6674 balacc=0.8076 TP=242 FP=399 TN=1495 FN=51
2025-09-18 02:32:42 | [OK] Training finished. Checkpoints at: /home/ana/Downloads/Ana/satelite/models/resnet/hough
2025-09-18 02:54:47 | [INFO] device=cuda:0 ddp=True world_size=2 arch=resnet18 modality=raw aug_policy=rebalance
2025-09-18 02:54:47 | [INFO] GPU=NVIDIA GeForce GTX 1080 Ti CC=(6, 1)
2025-09-18 02:54:47 | [INFO] FocalLoss for training; TF32 allowed if supported.
2025-09-18 02:54:47 | [INFO] train after aug-policy='rebalance': n=10044 pos=1345 pos_rate=0.133911
2025-09-18 02:55:03 | [01/12] step 00100/00157 loss=0.03984 | 425.4 img/s
2025-09-18 02:55:12 | [01/12] step 00157/00157 loss=0.03668 | 410.1 img/s
2025-09-18 02:55:15 | [VAL 01 thr=0.50] acc=81.57% prec1=0.3632 recall1=0.4983 tnr=0.8648 f1=0.4201 f2=0.4638 balacc=0.6816 TP=146 FP=256 TN=1638 FN=147
2025-09-18 02:55:15 | [VAL 01 best by balacc] thr=0.480 acc=80.75% prec1=0.3505 recall1=0.5119 tnr=0.8532 f1=0.4161 f2=0.4687 balacc=0.6826 TP=150 FP=278 TN=1616 FN=143
2025-09-18 02:55:15 | [CKPT] Saved BEST → /home/ana/Downloads/Ana/satelite/models/resnet/raw/best.pt | balacc=0.6826 | thr=0.480
2025-09-18 02:55:26 | [02/12] step 00100/00157 loss=0.01582 | 583.0 img/s
2025-09-18 02:55:32 | [02/12] step 00157/00157 loss=0.02024 | 585.2 img/s
2025-09-18 02:55:34 | [VAL 02 thr=0.50] acc=89.53% prec1=1.0000 recall1=0.2184 tnr=1.0000 f1=0.3585 f2=0.2589 balacc=0.6092 TP=64 FP=0 TN=1894 FN=229
2025-09-18 02:55:34 | [VAL 02 best by balacc] thr=0.300 acc=87.79% prec1=0.5619 recall1=0.4027 tnr=0.9514 f1=0.4692 f2=0.4269 balacc=0.6771 TP=118 FP=92 TN=1802 FN=175
2025-09-18 02:55:45 | [03/12] step 00100/00157 loss=0.01726 | 582.1 img/s
2025-09-18 02:55:51 | [03/12] step 00157/00157 loss=0.01963 | 584.1 img/s
2025-09-18 02:55:53 | [VAL 03 thr=0.50] acc=88.34% prec1=0.9750 recall1=0.1331 tnr=0.9995 f1=0.2342 f2=0.1609 balacc=0.5663 TP=39 FP=1 TN=1893 FN=254
2025-09-18 02:55:53 | [VAL 03 best by balacc] thr=0.120 acc=90.40% prec1=0.6694 recall1=0.5597 tnr=0.9572 f1=0.6097 f2=0.5787 balacc=0.7585 TP=164 FP=81 TN=1813 FN=129
2025-09-18 02:55:53 | [CKPT] Saved BEST → /home/ana/Downloads/Ana/satelite/models/resnet/raw/best.pt | balacc=0.7585 | thr=0.120
2025-09-18 02:56:04 | [04/12] step 00100/00157 loss=0.01343 | 581.8 img/s
2025-09-18 02:56:10 | [04/12] step 00157/00157 loss=0.01616 | 583.5 img/s
2025-09-18 02:56:12 | [VAL 04 thr=0.50] acc=63.88% prec1=0.1995 recall1=0.5631 tnr=0.6505 f1=0.2946 f2=0.4127 balacc=0.6068 TP=165 FP=662 TN=1232 FN=128
2025-09-18 02:56:12 | [VAL 04 best by balacc] thr=0.720 acc=72.70% prec1=0.2352 recall1=0.4608 tnr=0.7682 f1=0.3114 f2=0.3866 balacc=0.6145 TP=135 FP=439 TN=1455 FN=158
2025-09-18 02:56:23 | [05/12] step 00100/00157 loss=0.01158 | 581.6 img/s
2025-09-18 02:56:29 | [05/12] step 00157/00157 loss=0.01275 | 583.3 img/s
2025-09-18 02:56:31 | [VAL 05 thr=0.50] acc=91.27% prec1=1.0000 recall1=0.3481 tnr=1.0000 f1=0.5165 f2=0.4003 balacc=0.6741 TP=102 FP=0 TN=1894 FN=191
2025-09-18 02:56:31 | [VAL 05 best by balacc] thr=0.260 acc=93.37% prec1=0.9805 recall1=0.5154 tnr=0.9984 f1=0.6756 f2=0.5694 balacc=0.7569 TP=151 FP=3 TN=1891 FN=142
2025-09-18 02:56:42 | [06/12] step 00100/00157 loss=0.00978 | 578.7 img/s
2025-09-18 02:56:49 | [06/12] step 00157/00157 loss=0.01091 | 580.3 img/s
2025-09-18 02:56:50 | [VAL 06 thr=0.50] acc=92.36% prec1=1.0000 recall1=0.4300 tnr=1.0000 f1=0.6014 f2=0.4854 balacc=0.7150 TP=126 FP=0 TN=1894 FN=167
2025-09-18 02:56:50 | [VAL 06 best by balacc] thr=0.140 acc=92.82% prec1=0.7881 recall1=0.6348 tnr=0.9736 f1=0.7032 f2=0.6605 balacc=0.8042 TP=186 FP=50 TN=1844 FN=107
2025-09-18 02:56:51 | [CKPT] Saved BEST → /home/ana/Downloads/Ana/satelite/models/resnet/raw/best.pt | balacc=0.8042 | thr=0.140
2025-09-18 02:57:02 | [07/12] step 00100/00157 loss=0.01074 | 576.8 img/s
2025-09-18 02:57:08 | [07/12] step 00157/00157 loss=0.01128 | 579.3 img/s
2025-09-18 02:57:10 | [VAL 07 thr=0.50] acc=91.36% prec1=0.8768 recall1=0.4130 tnr=0.9910 f1=0.5615 f2=0.4618 balacc=0.7020 TP=121 FP=17 TN=1877 FN=172
2025-09-18 02:57:10 | [VAL 07 best by balacc] thr=0.220 acc=80.25% prec1=0.3859 recall1=0.8020 tnr=0.8025 f1=0.5211 f2=0.6597 balacc=0.8023 TP=235 FP=374 TN=1520 FN=58
2025-09-18 02:57:21 | [08/12] step 00100/00157 loss=0.01091 | 576.8 img/s
2025-09-18 02:57:27 | [08/12] step 00157/00157 loss=0.01113 | 579.2 img/s
2025-09-18 02:57:29 | [VAL 08 thr=0.50] acc=91.22% prec1=1.0000 recall1=0.3447 tnr=1.0000 f1=0.5127 f2=0.3967 balacc=0.6724 TP=101 FP=0 TN=1894 FN=192
2025-09-18 02:57:29 | [VAL 08 best by balacc] thr=0.120 acc=93.10% prec1=0.8859 recall1=0.5563 tnr=0.9889 f1=0.6834 f2=0.6010 balacc=0.7726 TP=163 FP=21 TN=1873 FN=130
2025-09-18 02:57:40 | [09/12] step 00100/00157 loss=0.00804 | 576.4 img/s
2025-09-18 02:57:46 | [09/12] step 00157/00157 loss=0.00832 | 579.0 img/s
2025-09-18 02:57:48 | [VAL 09 thr=0.50] acc=92.27% prec1=1.0000 recall1=0.4232 tnr=1.0000 f1=0.5947 f2=0.4784 balacc=0.7116 TP=124 FP=0 TN=1894 FN=169
2025-09-18 02:57:48 | [VAL 09 best by balacc] thr=0.140 acc=92.50% prec1=0.7768 recall1=0.6177 tnr=0.9725 f1=0.6882 f2=0.6441 balacc=0.7951 TP=181 FP=52 TN=1842 FN=112
2025-09-18 02:57:59 | [10/12] step 00100/00157 loss=0.00723 | 576.1 img/s
2025-09-18 02:58:06 | [10/12] step 00157/00157 loss=0.00765 | 578.2 img/s
2025-09-18 02:58:07 | [VAL 10 thr=0.50] acc=93.78% prec1=0.9591 recall1=0.5597 tnr=0.9963 f1=0.7069 f2=0.6106 balacc=0.7780 TP=164 FP=7 TN=1887 FN=129
2025-09-18 02:58:07 | [VAL 10 best by balacc] thr=0.120 acc=94.15% prec1=0.7705 recall1=0.8020 tnr=0.9630 f1=0.7860 f2=0.7955 balacc=0.8825 TP=235 FP=70 TN=1824 FN=58
2025-09-18 02:58:07 | [CKPT] Saved BEST → /home/ana/Downloads/Ana/satelite/models/resnet/raw/best.pt | balacc=0.8825 | thr=0.120
2025-09-18 02:58:19 | [11/12] step 00100/00157 loss=0.00934 | 568.9 img/s
2025-09-18 02:58:25 | [11/12] step 00157/00157 loss=0.01067 | 573.1 img/s
2025-09-18 02:58:27 | [VAL 11 thr=0.50] acc=92.36% prec1=0.8889 recall1=0.4915 tnr=0.9905 f1=0.6330 f2=0.5397 balacc=0.7410 TP=144 FP=18 TN=1876 FN=149
2025-09-18 02:58:27 | [VAL 11 best by balacc] thr=0.160 acc=78.05% prec1=0.3627 recall1=0.8430 tnr=0.7709 f1=0.5072 f2=0.6665 balacc=0.8069 TP=247 FP=434 TN=1460 FN=46
2025-09-18 02:58:38 | [12/12] step 00100/00157 loss=0.01257 | 573.9 img/s
2025-09-18 02:58:44 | [12/12] step 00157/00157 loss=0.01207 | 576.6 img/s
2025-09-18 02:58:46 | [VAL 12 thr=0.50] acc=92.46% prec1=1.0000 recall1=0.4369 tnr=1.0000 f1=0.6081 f2=0.4923 balacc=0.7184 TP=128 FP=0 TN=1894 FN=165
2025-09-18 02:58:46 | [VAL 12 best by balacc] thr=0.120 acc=95.06% prec1=0.8517 recall1=0.7645 tnr=0.9794 f1=0.8058 f2=0.7805 balacc=0.8720 TP=224 FP=39 TN=1855 FN=69
2025-09-18 02:58:47 | [OK] Training finished. Checkpoints at: /home/ana/Downloads/Ana/satelite/models/resnet/raw
2025-09-18 03:02:54 | [INFO] device=cuda:0 ddp=True world_size=2 arch=resnet18 modality=combined aug_policy=rebalance
2025-09-18 03:02:54 | [INFO] GPU=NVIDIA GeForce GTX 1080 Ti CC=(6, 1)
2025-09-18 03:02:54 | [INFO] FocalLoss for training; TF32 allowed if supported.
2025-09-18 03:02:54 | [INFO] train after aug-policy='rebalance': n=10044 pos=1345 pos_rate=0.133911
2025-09-18 03:03:12 | [01/12] step 00100/00157 loss=0.03415 | 389.1 img/s
2025-09-18 03:03:22 | [01/12] step 00157/00157 loss=0.03373 | 378.8 img/s
2025-09-18 03:03:25 | [VAL 01 thr=0.50] acc=91.22% prec1=0.7790 recall1=0.4812 tnr=0.9789 f1=0.5949 f2=0.5211 balacc=0.7301 TP=141 FP=40 TN=1854 FN=152
2025-09-18 03:03:25 | [VAL 01 best by balacc] thr=0.220 acc=89.57% prec1=0.5772 recall1=0.8294 tnr=0.9060 f1=0.6807 f2=0.7627 balacc=0.8677 TP=243 FP=178 TN=1716 FN=50
2025-09-18 03:03:25 | [CKPT] Saved BEST → /home/ana/Downloads/Ana/satelite/models/resnet/combined/best.pt | balacc=0.8677 | thr=0.220
2025-09-18 03:03:37 | [02/12] step 00100/00157 loss=0.02066 | 534.4 img/s
2025-09-18 03:03:44 | [02/12] step 00157/00157 loss=0.02400 | 538.8 img/s
2025-09-18 03:03:46 | [VAL 02 thr=0.50] acc=86.65% prec1=0.5031 recall1=0.2765 tnr=0.9578 f1=0.3568 f2=0.3038 balacc=0.6171 TP=81 FP=80 TN=1814 FN=212
2025-09-18 03:03:46 | [VAL 02 best by balacc] thr=0.260 acc=85.92% prec1=0.4847 recall1=0.8123 tnr=0.8664 f1=0.6071 f2=0.7156 balacc=0.8394 TP=238 FP=253 TN=1641 FN=55
2025-09-18 03:03:58 | [03/12] step 00100/00157 loss=0.01876 | 532.9 img/s
2025-09-18 03:04:05 | [03/12] step 00157/00157 loss=0.02093 | 537.4 img/s
2025-09-18 03:04:07 | [VAL 03 thr=0.50] acc=88.61% prec1=0.6196 recall1=0.3891 tnr=0.9630 f1=0.4780 f2=0.4204 balacc=0.6761 TP=114 FP=70 TN=1824 FN=179
2025-09-18 03:04:07 | [VAL 03 best by balacc] thr=0.280 acc=89.44% prec1=0.5756 recall1=0.8055 tnr=0.9081 f1=0.6714 f2=0.7459 balacc=0.8568 TP=236 FP=174 TN=1720 FN=57
2025-09-18 03:04:19 | [04/12] step 00100/00157 loss=0.01540 | 534.1 img/s
2025-09-18 03:04:26 | [04/12] step 00157/00157 loss=0.01765 | 537.6 img/s
2025-09-18 03:04:28 | [VAL 04 thr=0.50] acc=86.56% prec1=0.4987 recall1=0.6587 tnr=0.8976 f1=0.5676 f2=0.6190 balacc=0.7781 TP=193 FP=194 TN=1700 FN=100
2025-09-18 03:04:28 | [VAL 04 best by balacc] thr=0.360 acc=79.47% prec1=0.3796 recall1=0.8396 tnr=0.7878 f1=0.5228 f2=0.6758 balacc=0.8137 TP=246 FP=402 TN=1492 FN=47
2025-09-18 03:04:40 | [05/12] step 00100/00157 loss=0.01477 | 532.1 img/s
2025-09-18 03:04:47 | [05/12] step 00157/00157 loss=0.01673 | 536.0 img/s
2025-09-18 03:04:49 | [VAL 05 thr=0.50] acc=90.86% prec1=0.6768 recall1=0.6075 tnr=0.9551 f1=0.6403 f2=0.6202 balacc=0.7813 TP=178 FP=85 TN=1809 FN=115
2025-09-18 03:04:49 | [VAL 05 best by balacc] thr=0.260 acc=87.06% prec1=0.5102 recall1=0.8567 tnr=0.8728 f1=0.6395 f2=0.7542 balacc=0.8647 TP=251 FP=241 TN=1653 FN=42
2025-09-18 03:05:01 | [06/12] step 00100/00157 loss=0.01575 | 532.1 img/s
2025-09-18 03:05:08 | [06/12] step 00157/00157 loss=0.01712 | 536.0 img/s
2025-09-18 03:05:10 | [VAL 06 thr=0.50] acc=92.55% prec1=0.8963 recall1=0.5017 tnr=0.9910 f1=0.6433 f2=0.5501 balacc=0.7464 TP=147 FP=17 TN=1877 FN=146
2025-09-18 03:05:10 | [VAL 06 best by balacc] thr=0.240 acc=91.18% prec1=0.6389 recall1=0.7850 tnr=0.9314 f1=0.7044 f2=0.7507 balacc=0.8582 TP=230 FP=130 TN=1764 FN=63
2025-09-18 03:05:22 | [07/12] step 00100/00157 loss=0.01279 | 530.6 img/s
2025-09-18 03:05:29 | [07/12] step 00157/00157 loss=0.01457 | 534.8 img/s
2025-09-18 03:05:31 | [VAL 07 thr=0.50] acc=25.65% prec1=0.1348 recall1=0.8396 tnr=0.1663 f1=0.2323 f2=0.4104 balacc=0.5030 TP=246 FP=1579 TN=315 FN=47
2025-09-18 03:05:31 | [VAL 07 best by balacc] thr=0.900 acc=63.65% prec1=0.2180 recall1=0.6621 tnr=0.6325 f1=0.3280 f2=0.4704 balacc=0.6473 TP=194 FP=696 TN=1198 FN=99
2025-09-18 03:05:43 | [08/12] step 00100/00157 loss=0.01185 | 528.6 img/s
2025-09-18 03:05:49 | [08/12] step 00157/00157 loss=0.01406 | 532.8 img/s
2025-09-18 03:05:52 | [VAL 08 thr=0.50] acc=35.07% prec1=0.1528 recall1=0.8464 tnr=0.2740 f1=0.2589 f2=0.4436 balacc=0.5602 TP=248 FP=1375 TN=519 FN=45
2025-09-18 03:05:52 | [VAL 08 best by balacc] thr=0.860 acc=83.17% prec1=0.4130 recall1=0.6075 tnr=0.8664 f1=0.4917 f2=0.5552 balacc=0.7370 TP=178 FP=253 TN=1641 FN=115
2025-09-18 03:06:04 | [09/12] step 00100/00157 loss=0.01241 | 530.4 img/s
2025-09-18 03:06:10 | [09/12] step 00157/00157 loss=0.01387 | 534.4 img/s
2025-09-18 03:06:13 | [VAL 09 thr=0.50] acc=86.92% prec1=0.5078 recall1=0.7816 tnr=0.8828 f1=0.6156 f2=0.7055 balacc=0.8322 TP=229 FP=222 TN=1672 FN=64
2025-09-18 03:06:13 | [VAL 09 best by balacc] thr=0.380 acc=83.45% prec1=0.4398 recall1=0.8601 tnr=0.8305 f1=0.5820 f2=0.7221 balacc=0.8453 TP=252 FP=321 TN=1573 FN=41
2025-09-18 03:06:25 | [10/12] step 00100/00157 loss=0.01202 | 527.6 img/s
2025-09-18 03:06:31 | [10/12] step 00157/00157 loss=0.01354 | 532.1 img/s
2025-09-18 03:06:34 | [VAL 10 thr=0.50] acc=90.72% prec1=0.9592 recall1=0.3208 tnr=0.9979 f1=0.4808 f2=0.3701 balacc=0.6594 TP=94 FP=4 TN=1890 FN=199
2025-09-18 03:06:34 | [VAL 10 best by balacc] thr=0.140 acc=85.41% prec1=0.4754 recall1=0.8567 tnr=0.8537 f1=0.6114 f2=0.7382 balacc=0.8552 TP=251 FP=277 TN=1617 FN=42
2025-09-18 03:06:46 | [11/12] step 00100/00157 loss=0.01172 | 526.1 img/s
2025-09-18 03:06:53 | [11/12] step 00157/00157 loss=0.01289 | 531.0 img/s
2025-09-18 03:06:55 | [VAL 11 thr=0.50] acc=92.00% prec1=1.0000 recall1=0.4027 tnr=1.0000 f1=0.5742 f2=0.4574 balacc=0.7014 TP=118 FP=0 TN=1894 FN=175
2025-09-18 03:06:55 | [VAL 11 best by balacc] thr=0.160 acc=88.80% prec1=0.5609 recall1=0.7543 tnr=0.9087 f1=0.6434 f2=0.7056 balacc=0.8315 TP=221 FP=173 TN=1721 FN=72
2025-09-18 03:07:07 | [12/12] step 00100/00157 loss=0.01079 | 523.9 img/s
2025-09-18 03:07:14 | [12/12] step 00157/00157 loss=0.01165 | 529.6 img/s
2025-09-18 03:07:16 | [VAL 12 thr=0.50] acc=93.96% prec1=0.9171 recall1=0.6041 tnr=0.9916 f1=0.7284 f2=0.6484 balacc=0.7978 TP=177 FP=16 TN=1878 FN=116
2025-09-18 03:07:16 | [VAL 12 best by balacc] thr=0.260 acc=94.33% prec1=0.8051 recall1=0.7611 tnr=0.9715 f1=0.7825 f2=0.7695 balacc=0.8663 TP=223 FP=54 TN=1840 FN=70
2025-09-18 03:07:16 | [OK] Training finished. Checkpoints at: /home/ana/Downloads/Ana/satelite/models/resnet/combined
2025-09-18 19:41:08 | [INFO] device=cuda:0 ddp=True world_size=2 arch=deepnet121 modality=raw aug_policy=rebalance
2025-09-18 19:41:08 | [INFO] GPU=NVIDIA GeForce GTX 1080 Ti CC=(6, 1)
2025-09-18 19:41:08 | [INFO] FocalLoss for training; TF32 allowed if supported.
2025-09-18 19:41:08 | [INFO] train after aug-policy='rebalance': n=10044 pos=1345 pos_rate=0.133911
2025-09-18 19:41:52 | [01/12] step 00100/00157 loss=0.02690 | 154.2 img/s
2025-09-18 19:42:18 | [01/12] step 00157/00157 loss=0.03108 | 148.5 img/s
2025-09-18 19:42:27 | [VAL 01 thr=0.50] acc=91.36% prec1=1.0000 recall1=0.3549 tnr=1.0000 f1=0.5239 f2=0.4075 balacc=0.6775 TP=104 FP=0 TN=1894 FN=189
2025-09-18 19:42:27 | [VAL 01 best by balacc] thr=0.200 acc=90.40% prec1=0.6317 recall1=0.6792 tnr=0.9388 f1=0.6546 f2=0.6691 balacc=0.8090 TP=199 FP=116 TN=1778 FN=94
2025-09-18 19:42:27 | [CKPT] Saved BEST → /home/ana/Downloads/Ana/satelite/models/deepnet/raw/best.pt | balacc=0.8090 | thr=0.200
2025-09-18 19:43:02 | [02/12] step 00100/00157 loss=0.01625 | 185.0 img/s
2025-09-18 19:43:22 | [02/12] step 00157/00157 loss=0.02097 | 185.1 img/s
2025-09-18 19:43:27 | [VAL 02 thr=0.50] acc=91.59% prec1=0.9504 recall1=0.3925 tnr=0.9968 f1=0.5556 f2=0.4447 balacc=0.6947 TP=115 FP=6 TN=1888 FN=178
2025-09-18 19:43:27 | [VAL 02 best by balacc] thr=0.200 acc=92.36% prec1=0.6886 recall1=0.7850 tnr=0.9451 f1=0.7337 f2=0.7636 balacc=0.8650 TP=230 FP=104 TN=1790 FN=63
2025-09-18 19:43:27 | [CKPT] Saved BEST → /home/ana/Downloads/Ana/satelite/models/deepnet/raw/best.pt | balacc=0.8650 | thr=0.200
2025-09-18 19:44:02 | [03/12] step 00100/00157 loss=0.01500 | 184.5 img/s
2025-09-18 19:44:21 | [03/12] step 00157/00157 loss=0.01734 | 185.0 img/s
2025-09-18 19:44:27 | [VAL 03 thr=0.50] acc=91.68% prec1=0.8491 recall1=0.4608 tnr=0.9873 f1=0.5973 f2=0.5071 balacc=0.7240 TP=135 FP=24 TN=1870 FN=158
2025-09-18 19:44:27 | [VAL 03 best by balacc] thr=0.380 acc=92.04% prec1=0.8051 recall1=0.5358 tnr=0.9799 f1=0.6434 f2=0.5743 balacc=0.7579 TP=157 FP=38 TN=1856 FN=136
2025-09-18 19:45:02 | [04/12] step 00100/00157 loss=0.01554 | 183.9 img/s
2025-09-18 19:45:21 | [04/12] step 00157/00157 loss=0.01680 | 184.0 img/s
2025-09-18 19:45:27 | [VAL 04 thr=0.50] acc=92.59% prec1=0.9068 recall1=0.4983 tnr=0.9921 f1=0.6432 f2=0.5476 balacc=0.7452 TP=146 FP=15 TN=1879 FN=147
2025-09-18 19:45:27 | [VAL 04 best by balacc] thr=0.200 acc=92.55% prec1=0.7057 recall1=0.7611 tnr=0.9509 f1=0.7323 f2=0.7493 balacc=0.8560 TP=223 FP=93 TN=1801 FN=70
2025-09-18 19:46:02 | [05/12] step 00100/00157 loss=0.01306 | 182.4 img/s
2025-09-18 19:46:22 | [05/12] step 00157/00157 loss=0.01380 | 182.9 img/s
2025-09-18 19:46:27 | [VAL 05 thr=0.50] acc=91.77% prec1=1.0000 recall1=0.3857 tnr=1.0000 f1=0.5567 f2=0.4397 balacc=0.6928 TP=113 FP=0 TN=1894 FN=180
2025-09-18 19:46:27 | [VAL 05 best by balacc] thr=0.260 acc=92.87% prec1=0.8374 recall1=0.5802 tnr=0.9826 f1=0.6855 f2=0.6182 balacc=0.7814 TP=170 FP=33 TN=1861 FN=123
2025-09-18 19:47:03 | [06/12] step 00100/00157 loss=0.01202 | 181.9 img/s
2025-09-18 19:47:23 | [06/12] step 00157/00157 loss=0.01486 | 181.7 img/s
2025-09-18 19:47:28 | [VAL 06 thr=0.50] acc=91.91% prec1=0.8671 recall1=0.4676 tnr=0.9889 f1=0.6075 f2=0.5150 balacc=0.7282 TP=137 FP=21 TN=1873 FN=156
2025-09-18 19:47:28 | [VAL 06 best by balacc] thr=0.260 acc=89.85% prec1=0.6041 recall1=0.7031 tnr=0.9287 f1=0.6498 f2=0.6808 balacc=0.8159 TP=206 FP=135 TN=1759 FN=87
2025-09-18 19:48:04 | [07/12] step 00100/00157 loss=0.01029 | 180.4 img/s
2025-09-18 19:48:24 | [07/12] step 00157/00157 loss=0.01131 | 180.9 img/s
2025-09-18 19:48:29 | [VAL 07 thr=0.50] acc=93.00% prec1=0.9545 recall1=0.5017 tnr=0.9963 f1=0.6577 f2=0.5543 balacc=0.7490 TP=147 FP=7 TN=1887 FN=146
2025-09-18 19:48:29 | [VAL 07 best by balacc] thr=0.180 acc=93.00% prec1=0.7134 recall1=0.7986 tnr=0.9504 f1=0.7536 f2=0.7800 balacc=0.8745 TP=234 FP=94 TN=1800 FN=59
2025-09-18 19:48:29 | [CKPT] Saved BEST → /home/ana/Downloads/Ana/satelite/models/deepnet/raw/best.pt | balacc=0.8745 | thr=0.180
2025-09-18 19:49:05 | [08/12] step 00100/00157 loss=0.00870 | 179.6 img/s
2025-09-18 19:49:25 | [08/12] step 00157/00157 loss=0.00978 | 179.6 img/s
2025-09-18 19:49:31 | [VAL 08 thr=0.50] acc=93.23% prec1=0.9618 recall1=0.5154 tnr=0.9968 f1=0.6711 f2=0.5681 balacc=0.7561 TP=151 FP=6 TN=1888 FN=142
2025-09-18 19:49:31 | [VAL 08 best by balacc] thr=0.240 acc=93.42% prec1=0.8282 recall1=0.6416 tnr=0.9794 f1=0.7231 f2=0.6719 balacc=0.8105 TP=188 FP=39 TN=1855 FN=105
2025-09-18 19:50:07 | [09/12] step 00100/00157 loss=0.00830 | 179.9 img/s
2025-09-18 19:50:27 | [09/12] step 00157/00157 loss=0.00877 | 179.4 img/s
2025-09-18 19:50:32 | [VAL 09 thr=0.50] acc=92.82% prec1=1.0000 recall1=0.4642 tnr=1.0000 f1=0.6340 f2=0.5199 balacc=0.7321 TP=136 FP=0 TN=1894 FN=157
2025-09-18 19:50:32 | [VAL 09 best by balacc] thr=0.140 acc=92.04% prec1=0.6865 recall1=0.7474 tnr=0.9472 f1=0.7157 f2=0.7344 balacc=0.8473 TP=219 FP=100 TN=1794 FN=74
2025-09-18 19:51:09 | [10/12] step 00100/00157 loss=0.00961 | 177.6 img/s
2025-09-18 19:51:29 | [10/12] step 00157/00157 loss=0.01200 | 178.1 img/s
2025-09-18 19:51:34 | [VAL 10 thr=0.50] acc=94.56% prec1=0.9888 recall1=0.6007 tnr=0.9989 f1=0.7473 f2=0.6519 balacc=0.7998 TP=176 FP=2 TN=1892 FN=117
2025-09-18 19:51:34 | [VAL 10 best by balacc] thr=0.260 acc=94.19% prec1=0.7441 recall1=0.8635 tnr=0.9541 f1=0.7994 f2=0.8366 balacc=0.9088 TP=253 FP=87 TN=1807 FN=40
2025-09-18 19:51:35 | [CKPT] Saved BEST → /home/ana/Downloads/Ana/satelite/models/deepnet/raw/best.pt | balacc=0.9088 | thr=0.260
2025-09-18 19:52:11 | [11/12] step 00100/00157 loss=0.00898 | 177.2 img/s
2025-09-18 19:52:31 | [11/12] step 00157/00157 loss=0.00943 | 177.8 img/s
2025-09-18 19:52:36 | [VAL 11 thr=0.50] acc=91.86% prec1=0.9078 recall1=0.4369 tnr=0.9931 f1=0.5899 f2=0.4874 balacc=0.7150 TP=128 FP=13 TN=1881 FN=165
2025-09-18 19:52:36 | [VAL 11 best by balacc] thr=0.140 acc=92.36% prec1=0.6760 recall1=0.8259 tnr=0.9388 f1=0.7435 f2=0.7908 balacc=0.8823 TP=242 FP=116 TN=1778 FN=51
2025-09-18 19:53:13 | [12/12] step 00100/00157 loss=0.01086 | 177.4 img/s
2025-09-18 19:53:33 | [12/12] step 00157/00157 loss=0.00997 | 177.8 img/s
2025-09-18 19:53:39 | [VAL 12 thr=0.50] acc=94.28% prec1=1.0000 recall1=0.5734 tnr=1.0000 f1=0.7289 f2=0.6269 balacc=0.7867 TP=168 FP=0 TN=1894 FN=125
2025-09-18 19:53:39 | [VAL 12 best by balacc] thr=0.140 acc=95.29% prec1=0.8209 recall1=0.8294 tnr=0.9720 f1=0.8251 f2=0.8277 balacc=0.9007 TP=243 FP=53 TN=1841 FN=50
2025-09-18 19:53:39 | [OK] Training finished. Checkpoints at: /home/ana/Downloads/Ana/satelite/models/deepnet/raw
2025-09-18 20:26:33 | [INFO] device=cuda:0 ddp=True world_size=2 arch=resnet18 modality=hough aug_policy=rebalance
2025-09-18 20:26:33 | [INFO] GPU=NVIDIA GeForce GTX 1080 Ti CC=(6, 1)
2025-09-18 20:26:33 | [INFO] FocalLoss for training; TF32 allowed if supported.
2025-09-18 20:26:33 | [INFO] train after aug-policy='rebalance': n=10044 pos=1345 pos_rate=0.133911
2025-09-18 20:27:44 | [01/12] step 00100/00157 loss=0.02608 | 91.6 img/s
2025-09-18 20:28:34 | [01/12] step 00157/00157 loss=0.03106 | 83.8 img/s
2025-09-18 20:28:47 | [VAL 01 thr=0.50] acc=88.52% prec1=0.6810 recall1=0.2696 tnr=0.9805 f1=0.3863 f2=0.3067 balacc=0.6250 TP=79 FP=37 TN=1857 FN=214
2025-09-18 20:28:47 | [VAL 01 best by balacc] thr=0.300 acc=76.95% prec1=0.3499 recall1=0.8396 tnr=0.7587 f1=0.4940 f2=0.6560 balacc=0.7992 TP=246 FP=457 TN=1437 FN=47
2025-09-18 20:28:47 | [CKPT] Saved BEST → /home/ana/Downloads/Ana/satelite/models/resnet/hough/best.pt | balacc=0.7992 | thr=0.300
2025-09-18 20:29:31 | [02/12] step 00100/00157 loss=0.02332 | 143.3 img/s
2025-09-18 20:29:57 | [02/12] step 00157/00157 loss=0.02814 | 143.5 img/s
2025-09-18 20:30:05 | [VAL 02 thr=0.50] acc=86.56% prec1=0.4286 recall1=0.0102 tnr=0.9979 f1=0.0200 f2=0.0127 balacc=0.5041 TP=3 FP=4 TN=1890 FN=290
2025-09-18 20:30:05 | [VAL 02 best by balacc] thr=0.280 acc=81.44% prec1=0.4024 recall1=0.7952 tnr=0.8173 f1=0.5344 f2=0.6653 balacc=0.8063 TP=233 FP=346 TN=1548 FN=60
2025-09-18 20:30:05 | [CKPT] Saved BEST → /home/ana/Downloads/Ana/satelite/models/resnet/hough/best.pt | balacc=0.8063 | thr=0.280
2025-09-18 20:30:50 | [03/12] step 00100/00157 loss=0.02299 | 142.8 img/s
2025-09-18 20:31:15 | [03/12] step 00157/00157 loss=0.02743 | 143.0 img/s
2025-09-18 20:31:23 | [VAL 03 thr=0.50] acc=88.48% prec1=0.7531 recall1=0.2082 tnr=0.9894 f1=0.3262 f2=0.2434 balacc=0.5988 TP=61 FP=20 TN=1874 FN=232
2025-09-18 20:31:23 | [VAL 03 best by balacc] thr=0.300 acc=81.16% prec1=0.3997 recall1=0.8089 tnr=0.8120 f1=0.5350 f2=0.6714 balacc=0.8105 TP=237 FP=356 TN=1538 FN=56
2025-09-18 20:31:23 | [CKPT] Saved BEST → /home/ana/Downloads/Ana/satelite/models/resnet/hough/best.pt | balacc=0.8105 | thr=0.300
2025-09-18 20:32:08 | [04/12] step 00100/00157 loss=0.02251 | 142.1 img/s
2025-09-18 20:32:34 | [04/12] step 00157/00157 loss=0.02706 | 142.4 img/s
2025-09-18 20:32:42 | [VAL 04 thr=0.50] acc=86.97% prec1=0.6333 recall1=0.0648 tnr=0.9942 f1=0.1176 f2=0.0790 balacc=0.5295 TP=19 FP=11 TN=1883 FN=274
2025-09-18 20:32:42 | [VAL 04 best by balacc] thr=0.260 acc=80.06% prec1=0.3852 recall1=0.8191 tnr=0.7978 f1=0.5240 f2=0.6685 balacc=0.8084 TP=240 FP=383 TN=1511 FN=53
2025-09-18 20:33:27 | [05/12] step 00100/00157 loss=0.02242 | 141.5 img/s
2025-09-18 20:33:53 | [05/12] step 00157/00157 loss=0.02661 | 141.9 img/s
2025-09-18 20:34:01 | [VAL 05 thr=0.50] acc=86.92% prec1=0.7333 recall1=0.0375 tnr=0.9979 f1=0.0714 f2=0.0463 balacc=0.5177 TP=11 FP=4 TN=1890 FN=282
2025-09-18 20:34:01 | [VAL 05 best by balacc] thr=0.260 acc=82.72% prec1=0.4223 recall1=0.7884 tnr=0.8332 f1=0.5500 f2=0.6719 balacc=0.8108 TP=231 FP=316 TN=1578 FN=62
2025-09-18 20:34:01 | [CKPT] Saved BEST → /home/ana/Downloads/Ana/satelite/models/resnet/hough/best.pt | balacc=0.8108 | thr=0.260
2025-09-18 20:34:46 | [06/12] step 00100/00157 loss=0.02219 | 140.4 img/s
2025-09-18 20:35:12 | [06/12] step 00157/00157 loss=0.02613 | 140.5 img/s
2025-09-18 20:35:20 | [VAL 06 thr=0.50] acc=86.65% prec1=0.6000 recall1=0.0102 tnr=0.9989 f1=0.0201 f2=0.0127 balacc=0.5046 TP=3 FP=2 TN=1892 FN=290
2025-09-18 20:35:20 | [VAL 06 best by balacc] thr=0.200 acc=78.28% prec1=0.3646 recall1=0.8362 tnr=0.7746 f1=0.5078 f2=0.6643 balacc=0.8054 TP=245 FP=427 TN=1467 FN=48
2025-09-18 20:36:06 | [07/12] step 00100/00157 loss=0.02175 | 139.5 img/s
2025-09-18 20:36:32 | [07/12] step 00157/00157 loss=0.02578 | 139.7 img/s
2025-09-18 20:36:40 | [VAL 07 thr=0.50] acc=86.51% prec1=0.0000 recall1=0.0000 tnr=0.9989 f1=0.0000 f2=0.0000 balacc=0.4995 TP=0 FP=2 TN=1892 FN=293
2025-09-18 20:36:40 | [VAL 07 best by balacc] thr=0.180 acc=80.38% prec1=0.3882 recall1=0.8055 tnr=0.8036 f1=0.5239 f2=0.6629 balacc=0.8045 TP=236 FP=372 TN=1522 FN=57
2025-09-18 20:37:26 | [08/12] step 00100/00157 loss=0.02138 | 138.8 img/s
2025-09-18 20:37:53 | [08/12] step 00157/00157 loss=0.02534 | 139.1 img/s
2025-09-18 20:38:01 | [VAL 08 thr=0.50] acc=86.56% prec1=0.0000 recall1=0.0000 tnr=0.9995 f1=0.0000 f2=0.0000 balacc=0.4997 TP=0 FP=1 TN=1893 FN=293
2025-09-18 20:38:01 | [VAL 08 best by balacc] thr=0.200 acc=79.06% prec1=0.3744 recall1=0.8396 tnr=0.7830 f1=0.5179 f2=0.6725 balacc=0.8113 TP=246 FP=411 TN=1483 FN=47
2025-09-18 20:38:01 | [CKPT] Saved BEST → /home/ana/Downloads/Ana/satelite/models/resnet/hough/best.pt | balacc=0.8113 | thr=0.200
2025-09-18 20:38:47 | [09/12] step 00100/00157 loss=0.02132 | 138.7 img/s
2025-09-18 20:39:13 | [09/12] step 00157/00157 loss=0.02502 | 138.9 img/s
2025-09-18 20:39:21 | [VAL 09 thr=0.50] acc=86.60% prec1=0.0000 recall1=0.0000 tnr=1.0000 f1=0.0000 f2=0.0000 balacc=0.5000 TP=0 FP=0 TN=1894 FN=293
2025-09-18 20:39:21 | [VAL 09 best by balacc] thr=0.160 acc=81.07% prec1=0.3969 recall1=0.7952 tnr=0.8131 f1=0.5295 f2=0.6623 balacc=0.8042 TP=233 FP=354 TN=1540 FN=60
2025-09-18 20:40:07 | [10/12] step 00100/00157 loss=0.02087 | 138.8 img/s
2025-09-18 20:40:34 | [10/12] step 00157/00157 loss=0.02440 | 138.9 img/s
2025-09-18 20:40:42 | [VAL 10 thr=0.50] acc=86.69% prec1=1.0000 recall1=0.0068 tnr=1.0000 f1=0.0136 f2=0.0085 balacc=0.5034 TP=2 FP=0 TN=1894 FN=291
2025-09-18 20:40:42 | [VAL 10 best by balacc] thr=0.180 acc=82.21% prec1=0.4118 recall1=0.7645 tnr=0.8310 f1=0.5352 f2=0.6527 balacc=0.7978 TP=224 FP=320 TN=1574 FN=69
2025-09-18 20:41:28 | [11/12] step 00100/00157 loss=0.02093 | 138.3 img/s
2025-09-18 20:41:54 | [11/12] step 00157/00157 loss=0.02416 | 138.6 img/s
2025-09-18 20:42:02 | [VAL 11 thr=0.50] acc=86.60% prec1=0.0000 recall1=0.0000 tnr=1.0000 f1=0.0000 f2=0.0000 balacc=0.5000 TP=0 FP=0 TN=1894 FN=293
2025-09-18 20:42:02 | [VAL 11 best by balacc] thr=0.140 acc=79.20% prec1=0.3746 recall1=0.8259 tnr=0.7867 f1=0.5154 f2=0.6656 balacc=0.8063 TP=242 FP=404 TN=1490 FN=51
2025-09-18 20:42:49 | [12/12] step 00100/00157 loss=0.02058 | 138.2 img/s
2025-09-18 20:43:15 | [12/12] step 00157/00157 loss=0.02378 | 138.5 img/s
2025-09-18 20:43:23 | [VAL 12 thr=0.50] acc=86.60% prec1=0.0000 recall1=0.0000 tnr=1.0000 f1=0.0000 f2=0.0000 balacc=0.5000 TP=0 FP=0 TN=1894 FN=293
2025-09-18 20:43:23 | [VAL 12 best by balacc] thr=0.140 acc=81.34% prec1=0.4030 recall1=0.8157 tnr=0.8131 f1=0.5395 f2=0.6771 balacc=0.8144 TP=239 FP=354 TN=1540 FN=54
2025-09-18 20:43:23 | [CKPT] Saved BEST → /home/ana/Downloads/Ana/satelite/models/resnet/hough/best.pt | balacc=0.8144 | thr=0.140
2025-09-18 20:43:23 | [OK] Training finished. Checkpoints at: /home/ana/Downloads/Ana/satelite/models/resnet/hough
2025-09-18 20:45:32 | [INFO] device=cuda:0 ddp=True world_size=2 arch=deepnet121 modality=hough aug_policy=rebalance
2025-09-18 20:45:32 | [INFO] GPU=NVIDIA GeForce GTX 1080 Ti CC=(6, 1)
2025-09-18 20:45:32 | [INFO] FocalLoss for training; TF32 allowed if supported.
2025-09-18 20:45:32 | [INFO] train after aug-policy='rebalance': n=10044 pos=1345 pos_rate=0.133911
2025-09-18 20:49:41 | [INFO] device=cuda:0 ddp=True world_size=2 arch=deepnet121 modality=hough aug_policy=rebalance
2025-09-18 20:49:41 | [INFO] GPU=NVIDIA GeForce GTX 1080 Ti CC=(6, 1)
2025-09-18 20:49:41 | [INFO] FocalLoss for training; TF32 allowed if supported.
2025-09-18 20:49:41 | [INFO] train after aug-policy='rebalance': n=10044 pos=1345 pos_rate=0.133911
2025-09-18 20:50:35 | [INFO] device=cuda:0 ddp=True world_size=2 arch=deepnet121 modality=hough aug_policy=rebalance
2025-09-18 20:50:35 | [INFO] GPU=NVIDIA GeForce GTX 1080 Ti CC=(6, 1)
2025-09-18 20:50:35 | [INFO] FocalLoss for training; TF32 allowed if supported.
2025-09-18 20:50:35 | [INFO] train after aug-policy='rebalance': n=10044 pos=1345 pos_rate=0.133911
2025-09-18 20:54:28 | [INFO] device=cuda:0 ddp=True world_size=2 arch=deepnet121 modality=hough aug_policy=rebalance
2025-09-18 20:54:28 | [INFO] GPU=NVIDIA GeForce GTX 1080 Ti CC=(6, 1)
2025-09-18 20:54:28 | [INFO] FocalLoss for training; TF32 allowed if supported.
2025-09-18 20:54:28 | [INFO] train after aug-policy='rebalance': n=10044 pos=1345 pos_rate=0.133911
2025-09-18 20:56:03 | [01/12] step 00100/00314 loss=0.02529 | 33.6 img/s
2025-09-18 20:57:19 | [01/12] step 00200/00314 loss=0.02791 | 37.4 img/s
2025-09-18 20:58:36 | [01/12] step 00300/00314 loss=0.03333 | 38.8 img/s
2025-09-18 20:59:08 | [01/12] step 00314/00314 loss=0.03353 | 35.9 img/s
2025-09-18 20:59:51 | [VAL 01 thr=0.50] acc=86.60% prec1=0.0000 recall1=0.0000 tnr=1.0000 f1=0.0000 f2=0.0000 balacc=0.5000 TP=0 FP=0 TN=1894 FN=293
2025-09-18 20:59:51 | [VAL 01 best by balacc] thr=0.200 acc=72.79% prec1=0.3093 recall1=0.8362 tnr=0.7112 f1=0.4516 f2=0.6237 balacc=0.7737 TP=245 FP=547 TN=1347 FN=48
2025-09-18 20:59:51 | [CKPT] Saved BEST → /home/ana/Downloads/Ana/satelite/models/deepnet/hough/best.pt | balacc=0.7737 | thr=0.200
2025-09-18 21:01:09 | [02/12] step 00100/00314 loss=0.02327 | 41.1 img/s
2025-09-18 21:02:27 | [02/12] step 00200/00314 loss=0.02619 | 41.1 img/s
2025-09-18 21:03:44 | [02/12] step 00300/00314 loss=0.03107 | 41.1 img/s
2025-09-18 21:03:55 | [02/12] step 00314/00314 loss=0.03136 | 41.1 img/s
2025-09-18 21:04:19 | [VAL 02 thr=0.50] acc=87.15% prec1=0.6034 recall1=0.1195 tnr=0.9879 f1=0.1994 f2=0.1423 balacc=0.5537 TP=35 FP=23 TN=1871 FN=258
2025-09-18 21:04:19 | [VAL 02 best by balacc] thr=0.340 acc=78.74% prec1=0.3635 recall1=0.7816 tnr=0.7883 f1=0.4962 f2=0.6354 balacc=0.7849 TP=229 FP=401 TN=1493 FN=64
2025-09-18 21:04:20 | [CKPT] Saved BEST → /home/ana/Downloads/Ana/satelite/models/deepnet/hough/best.pt | balacc=0.7849 | thr=0.340
2025-09-18 21:05:38 | [03/12] step 00100/00314 loss=0.02279 | 40.7 img/s
2025-09-18 21:07:02 | [INFO] device=cuda:0 ddp=True world_size=2 arch=deepnet121 modality=hough aug_policy=rebalance
2025-09-18 21:07:02 | [INFO] GPU=NVIDIA GeForce GTX 1080 Ti CC=(6, 1)
2025-09-18 21:07:02 | [INFO] FocalLoss for training; TF32 allowed if supported.
2025-09-18 21:07:02 | [INFO] train after aug-policy='rebalance': n=10044 pos=1345 pos_rate=0.133911
2025-09-18 21:09:31 | [INFO] device=cuda:0 ddp=True world_size=2 arch=resnet18 modality=raw aug_policy=rebalance
2025-09-18 21:09:31 | [INFO] GPU=NVIDIA GeForce GTX 1080 Ti CC=(6, 1)
2025-09-18 21:09:31 | [INFO] FocalLoss for training; TF32 allowed if supported.
2025-09-18 21:09:31 | [INFO] train after aug-policy='rebalance': n=10044 pos=1345 pos_rate=0.133911
2025-09-18 21:09:40 | [01/12] step 00100/00314 loss=0.03040 | 371.8 img/s
2025-09-18 21:09:47 | [01/12] step 00200/00314 loss=0.02673 | 426.6 img/s
2025-09-18 21:09:53 | [01/12] step 00300/00314 loss=0.02860 | 447.9 img/s
2025-09-18 21:09:56 | [01/12] step 00314/00314 loss=0.02801 | 423.4 img/s
2025-09-18 21:09:58 | [VAL 01 thr=0.50] acc=93.51% prec1=0.9081 recall1=0.5734 tnr=0.9910 f1=0.7029 f2=0.6190 balacc=0.7822 TP=168 FP=17 TN=1877 FN=125
2025-09-18 21:09:58 | [VAL 01 best by balacc] thr=0.220 acc=91.59% prec1=0.6580 recall1=0.7747 tnr=0.9377 f1=0.7116 f2=0.7482 balacc=0.8562 TP=227 FP=118 TN=1776 FN=66
2025-09-18 21:09:58 | [CKPT] Saved BEST → /home/ana/Downloads/Ana/satelite/models/resnet/raw/best.pt | balacc=0.8562 | thr=0.220
2025-09-18 21:10:05 | [02/12] step 00100/00314 loss=0.01631 | 495.4 img/s
2025-09-18 21:10:11 | [02/12] step 00200/00314 loss=0.01606 | 496.6 img/s
2025-09-18 21:10:17 | [02/12] step 00300/00314 loss=0.01865 | 497.2 img/s
2025-09-18 21:10:18 | [02/12] step 00314/00314 loss=0.01856 | 497.4 img/s
2025-09-18 21:10:20 | [VAL 02 thr=0.50] acc=91.27% prec1=0.6962 recall1=0.6177 tnr=0.9583 f1=0.6546 f2=0.6320 balacc=0.7880 TP=181 FP=79 TN=1815 FN=112
2025-09-18 21:10:20 | [VAL 02 best by balacc] thr=0.220 acc=83.13% prec1=0.4324 recall1=0.8294 tnr=0.8316 f1=0.5684 f2=0.7007 balacc=0.8305 TP=243 FP=319 TN=1575 FN=50
2025-09-18 21:10:27 | [03/12] step 00100/00314 loss=0.01268 | 491.9 img/s
2025-09-18 21:10:33 | [03/12] step 00200/00314 loss=0.01371 | 494.1 img/s
2025-09-18 21:10:40 | [03/12] step 00300/00314 loss=0.01644 | 494.7 img/s
2025-09-18 21:10:40 | [03/12] step 00314/00314 loss=0.01642 | 495.0 img/s
2025-09-18 21:10:42 | [VAL 03 thr=0.50] acc=69.46% prec1=0.2653 recall1=0.7235 tnr=0.6901 f1=0.3883 f2=0.5378 balacc=0.7068 TP=212 FP=587 TN=1307 FN=81
2025-09-18 21:10:42 | [VAL 03 best by balacc] thr=0.360 acc=67.90% prec1=0.2647 recall1=0.7850 tnr=0.6626 f1=0.3959 f2=0.5634 balacc=0.7238 TP=230 FP=639 TN=1255 FN=63
2025-09-18 21:10:49 | [04/12] step 00100/00314 loss=0.01255 | 491.1 img/s
2025-09-18 21:10:55 | [04/12] step 00200/00314 loss=0.01169 | 494.5 img/s
2025-09-18 21:11:02 | [04/12] step 00300/00314 loss=0.01508 | 494.9 img/s
2025-09-18 21:11:03 | [04/12] step 00314/00314 loss=0.01502 | 495.0 img/s
2025-09-18 21:11:04 | [VAL 04 thr=0.50] acc=93.96% prec1=0.9939 recall1=0.5529 tnr=0.9995 f1=0.7105 f2=0.6067 balacc=0.7762 TP=162 FP=1 TN=1893 FN=131
2025-09-18 21:11:04 | [VAL 04 best by balacc] thr=0.180 acc=95.43% prec1=0.8876 recall1=0.7543 tnr=0.9852 f1=0.8155 f2=0.7776 balacc=0.8697 TP=221 FP=28 TN=1866 FN=72
2025-09-18 21:11:05 | [CKPT] Saved BEST → /home/ana/Downloads/Ana/satelite/models/resnet/raw/best.pt | balacc=0.8697 | thr=0.180
2025-09-18 21:11:11 | [05/12] step 00100/00314 loss=0.01037 | 489.9 img/s
2025-09-18 21:11:18 | [05/12] step 00200/00314 loss=0.01282 | 494.1 img/s
2025-09-18 21:11:24 | [05/12] step 00300/00314 loss=0.01475 | 494.4 img/s
2025-09-18 21:11:25 | [05/12] step 00314/00314 loss=0.01471 | 494.4 img/s
2025-09-18 21:11:27 | [VAL 05 thr=0.50] acc=93.87% prec1=0.9938 recall1=0.5461 tnr=0.9995 f1=0.7048 f2=0.6002 balacc=0.7728 TP=160 FP=1 TN=1893 FN=133
2025-09-18 21:11:27 | [VAL 05 best by balacc] thr=0.200 acc=92.32% prec1=0.6771 recall1=0.8157 tnr=0.9398 f1=0.7399 f2=0.7836 balacc=0.8778 TP=239 FP=114 TN=1780 FN=54
2025-09-18 21:11:27 | [CKPT] Saved BEST → /home/ana/Downloads/Ana/satelite/models/resnet/raw/best.pt | balacc=0.8778 | thr=0.200
2025-09-18 21:11:33 | [06/12] step 00100/00314 loss=0.01006 | 490.7 img/s
2025-09-18 21:11:40 | [06/12] step 00200/00314 loss=0.00988 | 492.7 img/s
2025-09-18 21:11:46 | [06/12] step 00300/00314 loss=0.01231 | 492.6 img/s
2025-09-18 21:11:47 | [06/12] step 00314/00314 loss=0.01226 | 492.3 img/s
2025-09-18 21:11:49 | [VAL 06 thr=0.50] acc=94.92% prec1=1.0000 recall1=0.6212 tnr=1.0000 f1=0.7663 f2=0.6721 balacc=0.8106 TP=182 FP=0 TN=1894 FN=111
2025-09-18 21:11:49 | [VAL 06 best by balacc] thr=0.220 acc=95.02% prec1=0.8172 recall1=0.8089 tnr=0.9720 f1=0.8130 f2=0.8105 balacc=0.8904 TP=237 FP=53 TN=1841 FN=56
2025-09-18 21:11:49 | [CKPT] Saved BEST → /home/ana/Downloads/Ana/satelite/models/resnet/raw/best.pt | balacc=0.8904 | thr=0.220
2025-09-18 21:11:56 | [07/12] step 00100/00314 loss=0.00993 | 492.0 img/s
2025-09-18 21:12:02 | [07/12] step 00200/00314 loss=0.00991 | 491.5 img/s
2025-09-18 21:12:09 | [07/12] step 00300/00314 loss=0.01174 | 490.0 img/s
2025-09-18 21:12:10 | [07/12] step 00314/00314 loss=0.01178 | 490.1 img/s
2025-09-18 21:12:11 | [VAL 07 thr=0.50] acc=92.68% prec1=1.0000 recall1=0.4539 tnr=1.0000 f1=0.6244 f2=0.5096 balacc=0.7270 TP=133 FP=0 TN=1894 FN=160
2025-09-18 21:12:11 | [VAL 07 best by balacc] thr=0.220 acc=94.28% prec1=0.8471 recall1=0.6997 tnr=0.9805 f1=0.7664 f2=0.7249 balacc=0.8401 TP=205 FP=37 TN=1857 FN=88
2025-09-18 21:12:18 | [08/12] step 00100/00314 loss=0.00964 | 461.8 img/s
2025-09-18 21:12:25 | [08/12] step 00200/00314 loss=0.00864 | 471.2 img/s
2025-09-18 21:12:32 | [08/12] step 00300/00314 loss=0.00990 | 475.8 img/s
2025-09-18 21:12:33 | [08/12] step 00314/00314 loss=0.00993 | 475.6 img/s
2025-09-18 21:12:34 | [VAL 08 thr=0.50] acc=92.55% prec1=0.9710 recall1=0.4573 tnr=0.9979 f1=0.6218 f2=0.5115 balacc=0.7276 TP=134 FP=4 TN=1890 FN=159
2025-09-18 21:12:34 | [VAL 08 best by balacc] thr=0.200 acc=88.66% prec1=0.5550 recall1=0.7747 tnr=0.9039 f1=0.6467 f2=0.7179 balacc=0.8393 TP=227 FP=182 TN=1712 FN=66
2025-09-18 21:12:41 | [09/12] step 00100/00314 loss=0.00830 | 471.0 img/s
2025-09-18 21:12:48 | [09/12] step 00200/00314 loss=0.00789 | 478.9 img/s
2025-09-18 21:12:55 | [09/12] step 00300/00314 loss=0.01026 | 483.3 img/s
2025-09-18 21:12:55 | [09/12] step 00314/00314 loss=0.01051 | 483.9 img/s
2025-09-18 21:12:57 | [VAL 09 thr=0.50] acc=94.28% prec1=0.9884 recall1=0.5802 tnr=0.9989 f1=0.7312 f2=0.6324 balacc=0.7896 TP=170 FP=2 TN=1892 FN=123
2025-09-18 21:12:57 | [VAL 09 best by balacc] thr=0.200 acc=94.88% prec1=0.8415 recall1=0.7611 tnr=0.9778 f1=0.7993 f2=0.7759 balacc=0.8695 TP=223 FP=42 TN=1852 FN=70
2025-09-18 21:13:04 | [10/12] step 00100/00314 loss=0.01012 | 489.1 img/s
2025-09-18 21:13:10 | [10/12] step 00200/00314 loss=0.00945 | 490.8 img/s
2025-09-18 21:13:17 | [10/12] step 00300/00314 loss=0.01076 | 491.1 img/s
2025-09-18 21:13:18 | [10/12] step 00314/00314 loss=0.01081 | 490.8 img/s
2025-09-18 21:13:20 | [VAL 10 thr=0.50] acc=91.72% prec1=1.0000 recall1=0.3823 tnr=1.0000 f1=0.5531 f2=0.4361 balacc=0.6911 TP=112 FP=0 TN=1894 FN=181
2025-09-18 21:13:20 | [VAL 10 best by balacc] thr=0.220 acc=93.19% prec1=0.8273 recall1=0.6212 tnr=0.9799 f1=0.7096 f2=0.6537 balacc=0.8005 TP=182 FP=38 TN=1856 FN=111
2025-09-18 21:13:26 | [11/12] step 00100/00314 loss=0.00797 | 482.2 img/s
2025-09-18 21:13:33 | [11/12] step 00200/00314 loss=0.00775 | 486.1 img/s
2025-09-18 21:13:39 | [11/12] step 00300/00314 loss=0.00996 | 487.9 img/s
2025-09-18 21:13:40 | [11/12] step 00314/00314 loss=0.00998 | 488.4 img/s
2025-09-18 21:13:42 | [VAL 11 thr=0.50] acc=92.09% prec1=0.9286 recall1=0.4437 tnr=0.9947 f1=0.6005 f2=0.4954 balacc=0.7192 TP=130 FP=10 TN=1884 FN=163
2025-09-18 21:13:42 | [VAL 11 best by balacc] thr=0.140 acc=92.23% prec1=0.7143 recall1=0.6997 tnr=0.9567 f1=0.7069 f2=0.7025 balacc=0.8282 TP=205 FP=82 TN=1812 FN=88
2025-09-18 21:13:49 | [12/12] step 00100/00314 loss=0.00861 | 472.1 img/s
2025-09-18 21:13:55 | [12/12] step 00200/00314 loss=0.00805 | 477.7 img/s
2025-09-18 21:14:02 | [12/12] step 00300/00314 loss=0.00998 | 479.6 img/s
2025-09-18 21:14:03 | [12/12] step 00314/00314 loss=0.01017 | 479.4 img/s
2025-09-18 21:14:05 | [VAL 12 thr=0.50] acc=90.95% prec1=1.0000 recall1=0.3242 tnr=1.0000 f1=0.4897 f2=0.3749 balacc=0.6621 TP=95 FP=0 TN=1894 FN=198
2025-09-18 21:14:05 | [VAL 12 best by balacc] thr=0.140 acc=91.27% prec1=0.7257 recall1=0.5597 tnr=0.9673 f1=0.6320 f2=0.5866 balacc=0.7635 TP=164 FP=62 TN=1832 FN=129
2025-09-18 21:14:05 | [OK] Training finished. Checkpoints at: /home/ana/Downloads/Ana/satelite/models/resnet/raw
2025-09-18 21:14:10 | [INFO] device=cuda:0 ddp=True world_size=2 arch=resnet18 modality=hough aug_policy=rebalance
2025-09-18 21:14:10 | [INFO] GPU=NVIDIA GeForce GTX 1080 Ti CC=(6, 1)
2025-09-18 21:14:10 | [INFO] FocalLoss for training; TF32 allowed if supported.
2025-09-18 21:14:10 | [INFO] train after aug-policy='rebalance': n=10044 pos=1345 pos_rate=0.133911
2025-09-18 21:14:47 | [01/12] step 00100/00314 loss=0.02694 | 89.5 img/s
2025-09-18 21:15:10 | [01/12] step 00200/00314 loss=0.02970 | 108.1 img/s
2025-09-18 21:15:34 | [01/12] step 00300/00314 loss=0.03398 | 116.2 img/s
2025-09-18 21:15:48 | [01/12] step 00314/00314 loss=0.03411 | 104.1 img/s
2025-09-18 21:15:58 | [VAL 01 thr=0.50] acc=86.60% prec1=0.0000 recall1=0.0000 tnr=1.0000 f1=0.0000 f2=0.0000 balacc=0.5000 TP=0 FP=0 TN=1894 FN=293
2025-09-18 21:15:58 | [VAL 01 best by balacc] thr=0.220 acc=72.20% prec1=0.3063 recall1=0.8498 tnr=0.7022 f1=0.4503 f2=0.6272 balacc=0.7760 TP=249 FP=564 TN=1330 FN=44
2025-09-18 21:15:58 | [CKPT] Saved BEST → /home/ana/Downloads/Ana/satelite/models/resnet/hough/best.pt | balacc=0.7760 | thr=0.220
2025-09-18 21:16:22 | [02/12] step 00100/00314 loss=0.02326 | 134.0 img/s
2025-09-18 21:16:45 | [02/12] step 00200/00314 loss=0.02633 | 135.0 img/s
2025-09-18 21:17:09 | [02/12] step 00300/00314 loss=0.03070 | 134.6 img/s
2025-09-18 21:17:13 | [02/12] step 00314/00314 loss=0.03095 | 134.7 img/s
2025-09-18 21:17:20 | [VAL 02 thr=0.50] acc=86.60% prec1=0.0000 recall1=0.0000 tnr=1.0000 f1=0.0000 f2=0.0000 balacc=0.5000 TP=0 FP=0 TN=1894 FN=293
2025-09-18 21:17:20 | [VAL 02 best by balacc] thr=0.180 acc=79.61% prec1=0.3641 recall1=0.6997 tnr=0.8110 f1=0.4790 f2=0.5908 balacc=0.7553 TP=205 FP=358 TN=1536 FN=88
2025-09-18 21:17:45 | [03/12] step 00100/00314 loss=0.02308 | 133.0 img/s
2025-09-18 21:18:09 | [03/12] step 00200/00314 loss=0.02647 | 132.7 img/s
2025-09-18 21:18:33 | [03/12] step 00300/00314 loss=0.03098 | 132.4 img/s
2025-09-18 21:18:36 | [03/12] step 00314/00314 loss=0.03122 | 132.5 img/s
2025-09-18 21:18:44 | [VAL 03 thr=0.50] acc=86.60% prec1=0.0000 recall1=0.0000 tnr=1.0000 f1=0.0000 f2=0.0000 balacc=0.5000 TP=0 FP=0 TN=1894 FN=293
2025-09-18 21:18:44 | [VAL 03 best by balacc] thr=0.180 acc=79.33% prec1=0.3677 recall1=0.7543 tnr=0.7994 f1=0.4944 f2=0.6232 balacc=0.7768 TP=221 FP=380 TN=1514 FN=72
2025-09-18 21:18:44 | [CKPT] Saved BEST → /home/ana/Downloads/Ana/satelite/models/resnet/hough/best.pt | balacc=0.7768 | thr=0.180
2025-09-18 21:19:09 | [04/12] step 00100/00314 loss=0.02234 | 130.9 img/s
2025-09-18 21:19:33 | [04/12] step 00200/00314 loss=0.02571 | 131.9 img/s
2025-09-18 21:19:57 | [04/12] step 00300/00314 loss=0.03005 | 132.4 img/s
2025-09-18 21:20:00 | [04/12] step 00314/00314 loss=0.03030 | 132.5 img/s
2025-09-18 21:20:08 | [VAL 04 thr=0.50] acc=86.60% prec1=0.0000 recall1=0.0000 tnr=1.0000 f1=0.0000 f2=0.0000 balacc=0.5000 TP=0 FP=0 TN=1894 FN=293
2025-09-18 21:20:08 | [VAL 04 best by balacc] thr=0.180 acc=79.15% prec1=0.3688 recall1=0.7816 tnr=0.7930 f1=0.5011 f2=0.6386 balacc=0.7873 TP=229 FP=392 TN=1502 FN=64
2025-09-18 21:20:08 | [CKPT] Saved BEST → /home/ana/Downloads/Ana/satelite/models/resnet/hough/best.pt | balacc=0.7873 | thr=0.180
2025-09-18 21:20:33 | [05/12] step 00100/00314 loss=0.02124 | 130.9 img/s
2025-09-18 21:20:57 | [05/12] step 00200/00314 loss=0.02471 | 131.7 img/s
2025-09-18 21:21:21 | [05/12] step 00300/00314 loss=0.02872 | 132.1 img/s
2025-09-18 21:21:24 | [05/12] step 00314/00314 loss=0.02898 | 132.0 img/s
2025-09-18 21:21:32 | [VAL 05 thr=0.50] acc=86.60% prec1=0.0000 recall1=0.0000 tnr=1.0000 f1=0.0000 f2=0.0000 balacc=0.5000 TP=0 FP=0 TN=1894 FN=293
2025-09-18 21:21:32 | [VAL 05 best by balacc] thr=0.160 acc=69.78% prec1=0.2865 recall1=0.8430 tnr=0.6753 f1=0.4277 f2=0.6072 balacc=0.7591 TP=247 FP=615 TN=1279 FN=46
2025-09-18 21:21:57 | [06/12] step 00100/00314 loss=0.02148 | 132.2 img/s
2025-09-18 21:22:21 | [06/12] step 00200/00314 loss=0.02482 | 132.2 img/s
2025-09-18 21:22:45 | [06/12] step 00300/00314 loss=0.02856 | 132.4 img/s
2025-09-18 21:22:48 | [06/12] step 00314/00314 loss=0.02876 | 132.3 img/s
2025-09-18 21:22:56 | [VAL 06 thr=0.50] acc=86.60% prec1=0.0000 recall1=0.0000 tnr=1.0000 f1=0.0000 f2=0.0000 balacc=0.5000 TP=0 FP=0 TN=1894 FN=293
2025-09-18 21:22:56 | [VAL 06 best by balacc] thr=0.160 acc=74.17% prec1=0.3191 recall1=0.8191 tnr=0.7297 f1=0.4593 f2=0.6237 balacc=0.7744 TP=240 FP=512 TN=1382 FN=53
2025-09-18 21:23:21 | [07/12] step 00100/00314 loss=0.02070 | 131.1 img/s
2025-09-18 21:23:45 | [07/12] step 00200/00314 loss=0.02384 | 131.5 img/s
2025-09-18 21:24:09 | [07/12] step 00300/00314 loss=0.02751 | 131.8 img/s
2025-09-18 21:24:13 | [07/12] step 00314/00314 loss=0.02775 | 131.9 img/s
2025-09-18 21:24:21 | [VAL 07 thr=0.50] acc=86.60% prec1=0.0000 recall1=0.0000 tnr=1.0000 f1=0.0000 f2=0.0000 balacc=0.5000 TP=0 FP=0 TN=1894 FN=293
2025-09-18 21:24:21 | [VAL 07 best by balacc] thr=0.180 acc=80.75% prec1=0.3900 recall1=0.7747 tnr=0.8126 f1=0.5189 f2=0.6471 balacc=0.7937 TP=227 FP=355 TN=1539 FN=66
2025-09-18 21:24:21 | [CKPT] Saved BEST → /home/ana/Downloads/Ana/satelite/models/resnet/hough/best.pt | balacc=0.7937 | thr=0.180
2025-09-18 21:24:45 | [08/12] step 00100/00314 loss=0.02010 | 129.6 img/s
2025-09-18 21:25:10 | [08/12] step 00200/00314 loss=0.02301 | 131.1 img/s
2025-09-18 21:25:34 | [08/12] step 00300/00314 loss=0.02655 | 131.6 img/s
2025-09-18 21:25:37 | [08/12] step 00314/00314 loss=0.02678 | 131.5 img/s
2025-09-18 21:25:45 | [VAL 08 thr=0.50] acc=86.60% prec1=0.0000 recall1=0.0000 tnr=1.0000 f1=0.0000 f2=0.0000 balacc=0.5000 TP=0 FP=0 TN=1894 FN=293
2025-09-18 21:25:45 | [VAL 08 best by balacc] thr=0.220 acc=78.42% prec1=0.3654 recall1=0.8294 tnr=0.7772 f1=0.5073 f2=0.6614 balacc=0.8033 TP=243 FP=422 TN=1472 FN=50
2025-09-18 21:25:45 | [CKPT] Saved BEST → /home/ana/Downloads/Ana/satelite/models/resnet/hough/best.pt | balacc=0.8033 | thr=0.220
2025-09-18 21:26:10 | [09/12] step 00100/00314 loss=0.01936 | 131.2 img/s
2025-09-18 21:26:34 | [09/12] step 00200/00314 loss=0.02246 | 131.9 img/s
2025-09-18 21:26:58 | [09/12] step 00300/00314 loss=0.02587 | 131.9 img/s
2025-09-18 21:27:01 | [09/12] step 00314/00314 loss=0.02610 | 132.0 img/s
2025-09-18 21:27:09 | [VAL 09 thr=0.50] acc=86.65% prec1=1.0000 recall1=0.0034 tnr=1.0000 f1=0.0068 f2=0.0043 balacc=0.5017 TP=1 FP=0 TN=1894 FN=292
2025-09-18 21:27:09 | [VAL 09 best by balacc] thr=0.240 acc=80.48% prec1=0.3916 recall1=0.8259 tnr=0.8015 f1=0.5313 f2=0.6760 balacc=0.8137 TP=242 FP=376 TN=1518 FN=51
2025-09-18 21:27:10 | [CKPT] Saved BEST → /home/ana/Downloads/Ana/satelite/models/resnet/hough/best.pt | balacc=0.8137 | thr=0.240
2025-09-18 21:27:34 | [10/12] step 00100/00314 loss=0.01938 | 131.0 img/s
2025-09-18 21:27:58 | [10/12] step 00200/00314 loss=0.02256 | 131.4 img/s
2025-09-18 21:28:23 | [10/12] step 00300/00314 loss=0.02594 | 131.6 img/s
2025-09-18 21:28:26 | [10/12] step 00314/00314 loss=0.02611 | 131.7 img/s
2025-09-18 21:28:34 | [VAL 10 thr=0.50] acc=86.79% prec1=0.7500 recall1=0.0205 tnr=0.9989 f1=0.0399 f2=0.0254 balacc=0.5097 TP=6 FP=2 TN=1892 FN=287
2025-09-18 21:28:34 | [VAL 10 best by balacc] thr=0.260 acc=81.85% prec1=0.4071 recall1=0.7782 tnr=0.8247 f1=0.5346 f2=0.6582 balacc=0.8014 TP=228 FP=332 TN=1562 FN=65
2025-09-18 21:28:58 | [11/12] step 00100/00314 loss=0.01929 | 130.9 img/s
2025-09-18 21:29:22 | [11/12] step 00200/00314 loss=0.02223 | 131.7 img/s
2025-09-18 21:29:47 | [11/12] step 00300/00314 loss=0.02532 | 132.1 img/s
2025-09-18 21:29:50 | [11/12] step 00314/00314 loss=0.02551 | 132.1 img/s
2025-09-18 21:29:58 | [VAL 11 thr=0.50] acc=86.74% prec1=1.0000 recall1=0.0102 tnr=1.0000 f1=0.0203 f2=0.0128 balacc=0.5051 TP=3 FP=0 TN=1894 FN=290
2025-09-18 21:29:58 | [VAL 11 best by balacc] thr=0.260 acc=83.36% prec1=0.4339 recall1=0.7952 tnr=0.8395 f1=0.5614 f2=0.6817 balacc=0.8174 TP=233 FP=304 TN=1590 FN=60
2025-09-18 21:29:58 | [CKPT] Saved BEST → /home/ana/Downloads/Ana/satelite/models/resnet/hough/best.pt | balacc=0.8174 | thr=0.260
2025-09-18 21:30:22 | [12/12] step 00100/00314 loss=0.01923 | 130.9 img/s
2025-09-18 21:30:47 | [12/12] step 00200/00314 loss=0.02208 | 131.6 img/s
2025-09-18 21:31:11 | [12/12] step 00300/00314 loss=0.02547 | 132.3 img/s
2025-09-18 21:31:14 | [12/12] step 00314/00314 loss=0.02569 | 132.4 img/s
2025-09-18 21:31:22 | [VAL 12 thr=0.50] acc=86.83% prec1=1.0000 recall1=0.0171 tnr=1.0000 f1=0.0336 f2=0.0212 balacc=0.5085 TP=5 FP=0 TN=1894 FN=288
2025-09-18 21:31:22 | [VAL 12 best by balacc] thr=0.240 acc=81.98% prec1=0.4122 recall1=0.8089 tnr=0.8215 f1=0.5461 f2=0.6783 balacc=0.8152 TP=237 FP=338 TN=1556 FN=56
2025-09-18 21:31:23 | [OK] Training finished. Checkpoints at: /home/ana/Downloads/Ana/satelite/models/resnet/hough
2025-09-18 21:31:28 | [INFO] device=cuda:0 ddp=True world_size=2 arch=resnet18 modality=combined aug_policy=rebalance
2025-09-18 21:31:28 | [INFO] GPU=NVIDIA GeForce GTX 1080 Ti CC=(6, 1)
2025-09-18 21:31:28 | [INFO] FocalLoss for training; TF32 allowed if supported.
2025-09-18 21:31:28 | [INFO] train after aug-policy='rebalance': n=10044 pos=1345 pos_rate=0.133911
2025-09-18 21:31:38 | [01/12] step 00100/00314 loss=0.02949 | 336.8 img/s
2025-09-18 21:31:45 | [01/12] step 00200/00314 loss=0.02652 | 378.5 img/s
2025-09-18 21:31:53 | [01/12] step 00300/00314 loss=0.02816 | 395.6 img/s
2025-09-18 21:31:55 | [01/12] step 00314/00314 loss=0.02780 | 373.9 img/s
2025-09-18 21:31:58 | [VAL 01 thr=0.50] acc=85.00% prec1=0.2667 recall1=0.0683 tnr=0.9710 f1=0.1087 f2=0.0802 balacc=0.5196 TP=20 FP=55 TN=1839 FN=273
2025-09-18 21:31:58 | [VAL 01 best by balacc] thr=0.160 acc=82.62% prec1=0.4211 recall1=0.7918 tnr=0.8316 f1=0.5498 f2=0.6732 balacc=0.8117 TP=232 FP=319 TN=1575 FN=61
2025-09-18 21:31:58 | [CKPT] Saved BEST → /home/ana/Downloads/Ana/satelite/models/resnet/combined/best.pt | balacc=0.8117 | thr=0.160
2025-09-18 21:32:05 | [02/12] step 00100/00314 loss=0.01656 | 448.1 img/s
2025-09-18 21:32:12 | [02/12] step 00200/00314 loss=0.01858 | 451.6 img/s
2025-09-18 21:32:19 | [02/12] step 00300/00314 loss=0.02159 | 450.4 img/s
2025-09-18 21:32:20 | [02/12] step 00314/00314 loss=0.02145 | 450.3 img/s
2025-09-18 21:32:23 | [VAL 02 thr=0.50] acc=84.27% prec1=0.3692 recall1=0.2457 tnr=0.9351 f1=0.2951 f2=0.2634 balacc=0.5904 TP=72 FP=123 TN=1771 FN=221
2025-09-18 21:32:23 | [VAL 02 best by balacc] thr=0.280 acc=75.58% prec1=0.3231 recall1=0.7509 tnr=0.7566 f1=0.4517 f2=0.5936 balacc=0.7537 TP=220 FP=461 TN=1433 FN=73
2025-09-18 21:32:30 | [03/12] step 00100/00314 loss=0.01632 | 443.6 img/s
2025-09-18 21:32:37 | [03/12] step 00200/00314 loss=0.01770 | 448.9 img/s
2025-09-18 21:32:44 | [03/12] step 00300/00314 loss=0.02077 | 450.8 img/s
2025-09-18 21:32:45 | [03/12] step 00314/00314 loss=0.02066 | 451.3 img/s
2025-09-18 21:32:47 | [VAL 03 thr=0.50] acc=87.47% prec1=0.8065 recall1=0.0853 tnr=0.9968 f1=0.1543 f2=0.1039 balacc=0.5411 TP=25 FP=6 TN=1888 FN=268
2025-09-18 21:32:47 | [VAL 03 best by balacc] thr=0.100 acc=85.41% prec1=0.4752 recall1=0.8498 tnr=0.8548 f1=0.6095 f2=0.7341 balacc=0.8523 TP=249 FP=275 TN=1619 FN=44
2025-09-18 21:32:47 | [CKPT] Saved BEST → /home/ana/Downloads/Ana/satelite/models/resnet/combined/best.pt | balacc=0.8523 | thr=0.100
2025-09-18 21:32:54 | [04/12] step 00100/00314 loss=0.01455 | 441.6 img/s
2025-09-18 21:33:01 | [04/12] step 00200/00314 loss=0.01491 | 448.4 img/s
2025-09-18 21:33:08 | [04/12] step 00300/00314 loss=0.01769 | 450.8 img/s
2025-09-18 21:33:09 | [04/12] step 00314/00314 loss=0.01760 | 451.4 img/s
2025-09-18 21:33:11 | [VAL 04 thr=0.50] acc=88.25% prec1=0.6452 recall1=0.2730 tnr=0.9768 f1=0.3837 f2=0.3086 balacc=0.6249 TP=80 FP=44 TN=1850 FN=213
2025-09-18 21:33:11 | [VAL 04 best by balacc] thr=0.180 acc=83.45% prec1=0.4314 recall1=0.7406 tnr=0.8490 f1=0.5452 f2=0.6478 balacc=0.7948 TP=217 FP=286 TN=1608 FN=76
2025-09-18 21:33:19 | [05/12] step 00100/00314 loss=0.01473 | 447.1 img/s
2025-09-18 21:33:26 | [05/12] step 00200/00314 loss=0.01516 | 453.0 img/s
2025-09-18 21:33:33 | [05/12] step 00300/00314 loss=0.01796 | 453.4 img/s
2025-09-18 21:33:34 | [05/12] step 00314/00314 loss=0.01786 | 453.5 img/s
2025-09-18 21:33:36 | [VAL 05 thr=0.50] acc=88.29% prec1=0.8491 recall1=0.1536 tnr=0.9958 f1=0.2601 f2=0.1837 balacc=0.5747 TP=45 FP=8 TN=1886 FN=248
2025-09-18 21:33:36 | [VAL 05 best by balacc] thr=0.120 acc=90.53% prec1=0.6097 recall1=0.8157 tnr=0.9192 f1=0.6978 f2=0.7641 balacc=0.8675 TP=239 FP=153 TN=1741 FN=54
2025-09-18 21:33:36 | [CKPT] Saved BEST → /home/ana/Downloads/Ana/satelite/models/resnet/combined/best.pt | balacc=0.8675 | thr=0.120
2025-09-18 21:33:43 | [06/12] step 00100/00314 loss=0.01373 | 445.1 img/s
2025-09-18 21:33:50 | [06/12] step 00200/00314 loss=0.01479 | 449.7 img/s
2025-09-18 21:33:57 | [06/12] step 00300/00314 loss=0.01715 | 452.4 img/s
2025-09-18 21:33:58 | [06/12] step 00314/00314 loss=0.01699 | 452.6 img/s
2025-09-18 21:34:00 | [VAL 06 thr=0.50] acc=90.17% prec1=0.9643 recall1=0.2765 tnr=0.9984 f1=0.4297 f2=0.3225 balacc=0.6374 TP=81 FP=3 TN=1891 FN=212
2025-09-18 21:34:00 | [VAL 06 best by balacc] thr=0.200 acc=88.89% prec1=0.5679 recall1=0.7133 tnr=0.9161 f1=0.6324 f2=0.6786 balacc=0.8147 TP=209 FP=159 TN=1735 FN=84
2025-09-18 21:34:07 | [07/12] step 00100/00314 loss=0.01302 | 444.4 img/s
2025-09-18 21:34:14 | [07/12] step 00200/00314 loss=0.01325 | 452.8 img/s
2025-09-18 21:34:21 | [07/12] step 00300/00314 loss=0.01538 | 454.2 img/s
2025-09-18 21:34:22 | [07/12] step 00314/00314 loss=0.01532 | 454.2 img/s
2025-09-18 21:34:24 | [VAL 07 thr=0.50] acc=89.48% prec1=0.8889 recall1=0.2457 tnr=0.9952 f1=0.3850 f2=0.2873 balacc=0.6205 TP=72 FP=9 TN=1885 FN=221
2025-09-18 21:34:24 | [VAL 07 best by balacc] thr=0.120 acc=87.20% prec1=0.5132 recall1=0.8601 tnr=0.8738 f1=0.6429 f2=0.7577 balacc=0.8669 TP=252 FP=239 TN=1655 FN=41
2025-09-18 21:34:32 | [08/12] step 00100/00314 loss=0.01090 | 444.3 img/s
2025-09-18 21:34:38 | [08/12] step 00200/00314 loss=0.01415 | 454.7 img/s
2025-09-18 21:34:45 | [08/12] step 00300/00314 loss=0.01664 | 458.3 img/s
2025-09-18 21:34:46 | [08/12] step 00314/00314 loss=0.01660 | 457.7 img/s
2025-09-18 21:34:48 | [VAL 08 thr=0.50] acc=85.19% prec1=0.3524 recall1=0.1263 tnr=0.9641 f1=0.1859 f2=0.1449 balacc=0.5452 TP=37 FP=68 TN=1826 FN=256
2025-09-18 21:34:48 | [VAL 08 best by balacc] thr=0.140 acc=86.19% prec1=0.4909 recall1=0.8294 tnr=0.8669 f1=0.6168 f2=0.7289 balacc=0.8481 TP=243 FP=252 TN=1642 FN=50
2025-09-18 21:34:56 | [09/12] step 00100/00314 loss=0.01170 | 438.7 img/s
2025-09-18 21:35:03 | [09/12] step 00200/00314 loss=0.01147 | 447.2 img/s
2025-09-18 21:35:10 | [09/12] step 00300/00314 loss=0.01400 | 450.4 img/s
2025-09-18 21:35:11 | [09/12] step 00314/00314 loss=0.01400 | 451.3 img/s
2025-09-18 21:35:13 | [VAL 09 thr=0.50] acc=88.89% prec1=0.9630 recall1=0.1775 tnr=0.9989 f1=0.2997 f2=0.2121 balacc=0.5882 TP=52 FP=2 TN=1892 FN=241
2025-09-18 21:35:13 | [VAL 09 best by balacc] thr=0.100 acc=90.63% prec1=0.6068 recall1=0.8532 tnr=0.9145 f1=0.7092 f2=0.7891 balacc=0.8839 TP=250 FP=162 TN=1732 FN=43
2025-09-18 21:35:13 | [CKPT] Saved BEST → /home/ana/Downloads/Ana/satelite/models/resnet/combined/best.pt | balacc=0.8839 | thr=0.100
2025-09-18 21:35:20 | [10/12] step 00100/00314 loss=0.01152 | 444.4 img/s
2025-09-18 21:35:27 | [10/12] step 00200/00314 loss=0.01125 | 452.4 img/s
2025-09-18 21:35:34 | [10/12] step 00300/00314 loss=0.01317 | 455.1 img/s
2025-09-18 21:35:35 | [10/12] step 00314/00314 loss=0.01325 | 454.7 img/s
2025-09-18 21:35:37 | [VAL 10 thr=0.50] acc=91.40% prec1=0.8947 recall1=0.4061 tnr=0.9926 f1=0.5587 f2=0.4559 balacc=0.6994 TP=119 FP=14 TN=1880 FN=174
2025-09-18 21:35:37 | [VAL 10 best by balacc] thr=0.120 acc=85.32% prec1=0.4725 recall1=0.8225 tnr=0.8580 f1=0.6002 f2=0.7164 balacc=0.8402 TP=241 FP=269 TN=1625 FN=52
2025-09-18 21:35:44 | [11/12] step 00100/00314 loss=0.01032 | 441.6 img/s
2025-09-18 21:35:51 | [11/12] step 00200/00314 loss=0.01004 | 449.5 img/s
2025-09-18 21:35:58 | [11/12] step 00300/00314 loss=0.01148 | 452.5 img/s
2025-09-18 21:35:59 | [11/12] step 00314/00314 loss=0.01147 | 452.5 img/s
2025-09-18 21:36:01 | [VAL 11 thr=0.50] acc=90.76% prec1=0.9252 recall1=0.3379 tnr=0.9958 f1=0.4950 f2=0.3870 balacc=0.6668 TP=99 FP=8 TN=1886 FN=194
2025-09-18 21:36:01 | [VAL 11 best by balacc] thr=0.120 acc=94.51% prec1=0.7781 recall1=0.8259 tnr=0.9636 f1=0.8013 f2=0.8159 balacc=0.8948 TP=242 FP=69 TN=1825 FN=51
2025-09-18 21:36:01 | [CKPT] Saved BEST → /home/ana/Downloads/Ana/satelite/models/resnet/combined/best.pt | balacc=0.8948 | thr=0.120
2025-09-18 21:36:09 | [12/12] step 00100/00314 loss=0.00983 | 448.8 img/s
2025-09-18 21:36:15 | [12/12] step 00200/00314 loss=0.00938 | 455.8 img/s
2025-09-18 21:36:22 | [12/12] step 00300/00314 loss=0.01059 | 456.4 img/s
2025-09-18 21:36:23 | [12/12] step 00314/00314 loss=0.01063 | 456.8 img/s
2025-09-18 21:36:26 | [VAL 12 thr=0.50] acc=92.73% prec1=0.9926 recall1=0.4608 tnr=0.9995 f1=0.6294 f2=0.5161 balacc=0.7301 TP=135 FP=1 TN=1893 FN=158
2025-09-18 21:36:26 | [VAL 12 best by balacc] thr=0.100 acc=91.77% prec1=0.6438 recall1=0.8635 tnr=0.9261 f1=0.7376 f2=0.8083 balacc=0.8948 TP=253 FP=140 TN=1754 FN=40
2025-09-18 21:36:26 | [CKPT] Saved BEST → /home/ana/Downloads/Ana/satelite/models/resnet/combined/best.pt | balacc=0.8948 | thr=0.100
2025-09-18 21:36:26 | [OK] Training finished. Checkpoints at: /home/ana/Downloads/Ana/satelite/models/resnet/combined
2025-09-18 21:36:31 | [INFO] device=cuda:0 ddp=True world_size=2 arch=deepnet121 modality=raw aug_policy=rebalance
2025-09-18 21:36:31 | [INFO] GPU=NVIDIA GeForce GTX 1080 Ti CC=(6, 1)
2025-09-18 21:36:31 | [INFO] FocalLoss for training; TF32 allowed if supported.
2025-09-18 21:36:31 | [INFO] train after aug-policy='rebalance': n=10044 pos=1345 pos_rate=0.133911
2025-09-18 21:36:56 | [01/12] step 00100/00314 loss=0.02732 | 132.2 img/s
2025-09-18 21:37:15 | [01/12] step 00200/00314 loss=0.02496 | 146.6 img/s
2025-09-18 21:37:35 | [01/12] step 00300/00314 loss=0.02735 | 152.1 img/s
2025-09-18 21:37:41 | [01/12] step 00314/00314 loss=0.02730 | 144.5 img/s
2025-09-18 21:37:49 | [VAL 01 thr=0.50] acc=91.72% prec1=1.0000 recall1=0.3823 tnr=1.0000 f1=0.5531 f2=0.4361 balacc=0.6911 TP=112 FP=0 TN=1894 FN=181
2025-09-18 21:37:49 | [VAL 01 best by balacc] thr=0.380 acc=92.96% prec1=0.8677 recall1=0.5597 tnr=0.9868 f1=0.6805 f2=0.6025 balacc=0.7733 TP=164 FP=25 TN=1869 FN=129
2025-09-18 21:37:50 | [CKPT] Saved BEST → /home/ana/Downloads/Ana/satelite/models/deepnet/raw/best.pt | balacc=0.7733 | thr=0.380
2025-09-18 21:38:09 | [02/12] step 00100/00314 loss=0.01651 | 162.7 img/s
2025-09-18 21:38:29 | [02/12] step 00200/00314 loss=0.01955 | 162.9 img/s
2025-09-18 21:38:48 | [02/12] step 00300/00314 loss=0.02338 | 162.8 img/s
2025-09-18 21:38:51 | [02/12] step 00314/00314 loss=0.02319 | 162.5 img/s
2025-09-18 21:38:57 | [VAL 02 thr=0.50] acc=91.45% prec1=0.9077 recall1=0.4027 tnr=0.9937 f1=0.5579 f2=0.4531 balacc=0.6982 TP=118 FP=12 TN=1882 FN=175
2025-09-18 21:38:57 | [VAL 02 best by balacc] thr=0.360 acc=91.59% prec1=0.7633 recall1=0.5392 tnr=0.9741 f1=0.6320 f2=0.5729 balacc=0.7567 TP=158 FP=49 TN=1845 FN=135
2025-09-18 21:39:17 | [03/12] step 00100/00314 loss=0.01451 | 159.6 img/s
2025-09-18 21:39:37 | [03/12] step 00200/00314 loss=0.02333 | 161.1 img/s
2025-09-18 21:39:56 | [03/12] step 00300/00314 loss=0.02387 | 161.5 img/s
2025-09-18 21:39:59 | [03/12] step 00314/00314 loss=0.02337 | 161.6 img/s
2025-09-18 21:40:05 | [VAL 03 thr=0.50] acc=93.10% prec1=1.0000 recall1=0.4846 tnr=1.0000 f1=0.6529 f2=0.5403 balacc=0.7423 TP=142 FP=0 TN=1894 FN=151
2025-09-18 21:40:05 | [VAL 03 best by balacc] thr=0.200 acc=94.06% prec1=0.8900 recall1=0.6348 tnr=0.9879 f1=0.7410 f2=0.6734 balacc=0.8113 TP=186 FP=23 TN=1871 FN=107
2025-09-18 21:40:05 | [CKPT] Saved BEST → /home/ana/Downloads/Ana/satelite/models/deepnet/raw/best.pt | balacc=0.8113 | thr=0.200
2025-09-18 21:40:25 | [04/12] step 00100/00314 loss=0.01157 | 160.4 img/s
2025-09-18 21:40:45 | [04/12] step 00200/00314 loss=0.01489 | 161.6 img/s
2025-09-18 21:41:04 | [04/12] step 00300/00314 loss=0.01757 | 161.6 img/s
2025-09-18 21:41:07 | [04/12] step 00314/00314 loss=0.01753 | 161.7 img/s
2025-09-18 21:41:13 | [VAL 04 thr=0.50] acc=79.24% prec1=0.3565 recall1=0.6826 tnr=0.8094 f1=0.4684 f2=0.5770 balacc=0.7460 TP=200 FP=361 TN=1533 FN=93
2025-09-18 21:41:13 | [VAL 04 best by balacc] thr=0.700 acc=93.28% prec1=0.8614 recall1=0.5939 tnr=0.9852 f1=0.7030 f2=0.6332 balacc=0.7895 TP=174 FP=28 TN=1866 FN=119
2025-09-18 21:41:33 | [05/12] step 00100/00314 loss=0.01717 | 160.9 img/s
2025-09-18 21:41:52 | [05/12] step 00200/00314 loss=0.01528 | 161.1 img/s
2025-09-18 21:42:12 | [05/12] step 00300/00314 loss=0.01717 | 161.3 img/s
2025-09-18 21:42:15 | [05/12] step 00314/00314 loss=0.01701 | 161.5 img/s
2025-09-18 21:42:21 | [VAL 05 thr=0.50] acc=92.18% prec1=1.0000 recall1=0.4164 tnr=1.0000 f1=0.5880 f2=0.4714 balacc=0.7082 TP=122 FP=0 TN=1894 FN=171
2025-09-18 21:42:21 | [VAL 05 best by balacc] thr=0.200 acc=91.40% prec1=0.6606 recall1=0.7372 tnr=0.9414 f1=0.6968 f2=0.7205 balacc=0.8393 TP=216 FP=111 TN=1783 FN=77
2025-09-18 21:42:21 | [CKPT] Saved BEST → /home/ana/Downloads/Ana/satelite/models/deepnet/raw/best.pt | balacc=0.8393 | thr=0.200
2025-09-18 21:42:41 | [06/12] step 00100/00314 loss=0.01229 | 159.1 img/s
2025-09-18 21:43:01 | [06/12] step 00200/00314 loss=0.01175 | 160.4 img/s
2025-09-18 21:43:20 | [06/12] step 00300/00314 loss=0.01458 | 161.2 img/s
2025-09-18 21:43:23 | [06/12] step 00314/00314 loss=0.01446 | 161.3 img/s
2025-09-18 21:43:29 | [VAL 06 thr=0.50] acc=92.04% prec1=0.9917 recall1=0.4096 tnr=0.9995 f1=0.5797 f2=0.4640 balacc=0.7045 TP=120 FP=1 TN=1893 FN=173
2025-09-18 21:43:29 | [VAL 06 best by balacc] thr=0.220 acc=86.47% prec1=0.4965 recall1=0.7167 tnr=0.8875 f1=0.5866 f2=0.6583 balacc=0.8021 TP=210 FP=213 TN=1681 FN=83
2025-09-18 21:43:48 | [07/12] step 00100/00314 loss=0.00994 | 161.7 img/s
2025-09-18 21:44:08 | [07/12] step 00200/00314 loss=0.01066 | 161.3 img/s
2025-09-18 21:44:28 | [07/12] step 00300/00314 loss=0.01272 | 161.1 img/s
2025-09-18 21:44:31 | [07/12] step 00314/00314 loss=0.01276 | 161.2 img/s
2025-09-18 21:44:37 | [VAL 07 thr=0.50] acc=90.99% prec1=1.0000 recall1=0.3276 tnr=1.0000 f1=0.4936 f2=0.3785 balacc=0.6638 TP=96 FP=0 TN=1894 FN=197
2025-09-18 21:44:37 | [VAL 07 best by balacc] thr=0.160 acc=88.39% prec1=0.5506 recall1=0.7235 tnr=0.9087 f1=0.6254 f2=0.6808 balacc=0.8161 TP=212 FP=173 TN=1721 FN=81
2025-09-18 21:44:57 | [08/12] step 00100/00314 loss=0.01380 | 159.0 img/s
2025-09-18 21:45:17 | [08/12] step 00200/00314 loss=0.01227 | 160.4 img/s
2025-09-18 21:45:36 | [08/12] step 00300/00314 loss=0.01370 | 161.0 img/s
2025-09-18 21:45:39 | [08/12] step 00314/00314 loss=0.01353 | 161.1 img/s
2025-09-18 21:45:45 | [VAL 08 thr=0.50] acc=92.04% prec1=1.0000 recall1=0.4061 tnr=1.0000 f1=0.5777 f2=0.4609 balacc=0.7031 TP=119 FP=0 TN=1894 FN=174
2025-09-18 21:45:45 | [VAL 08 best by balacc] thr=0.120 acc=95.75% prec1=0.9808 recall1=0.6962 tnr=0.9979 f1=0.8144 f2=0.7391 balacc=0.8471 TP=204 FP=4 TN=1890 FN=89
2025-09-18 21:45:45 | [CKPT] Saved BEST → /home/ana/Downloads/Ana/satelite/models/deepnet/raw/best.pt | balacc=0.8471 | thr=0.120
2025-09-18 21:46:05 | [09/12] step 00100/00314 loss=0.00963 | 159.3 img/s
2025-09-18 21:46:24 | [09/12] step 00200/00314 loss=0.00907 | 161.2 img/s
2025-09-18 21:46:44 | [09/12] step 00300/00314 loss=0.00980 | 161.8 img/s
2025-09-18 21:46:47 | [09/12] step 00314/00314 loss=0.00995 | 161.9 img/s
2025-09-18 21:46:52 | [VAL 09 thr=0.50] acc=90.81% prec1=1.0000 recall1=0.3140 tnr=1.0000 f1=0.4779 f2=0.3639 balacc=0.6570 TP=92 FP=0 TN=1894 FN=201
2025-09-18 21:46:52 | [VAL 09 best by balacc] thr=0.160 acc=92.18% prec1=0.8144 recall1=0.5392 tnr=0.9810 f1=0.6489 f2=0.5783 balacc=0.7601 TP=158 FP=36 TN=1858 FN=135
2025-09-18 21:47:13 | [10/12] step 00100/00314 loss=0.01392 | 158.3 img/s
2025-09-18 21:47:32 | [10/12] step 00200/00314 loss=0.01325 | 160.0 img/s
2025-09-18 21:47:52 | [10/12] step 00300/00314 loss=0.01299 | 160.7 img/s
2025-09-18 21:47:55 | [10/12] step 00314/00314 loss=0.01297 | 160.8 img/s
2025-09-18 21:48:00 | [VAL 10 thr=0.50] acc=92.96% prec1=1.0000 recall1=0.4744 tnr=1.0000 f1=0.6435 f2=0.5301 balacc=0.7372 TP=139 FP=0 TN=1894 FN=154
2025-09-18 21:48:00 | [VAL 10 best by balacc] thr=0.140 acc=89.21% prec1=0.5877 recall1=0.6519 tnr=0.9293 f1=0.6181 f2=0.6379 balacc=0.7906 TP=191 FP=134 TN=1760 FN=102
2025-09-18 21:48:21 | [11/12] step 00100/00314 loss=0.01029 | 157.8 img/s
2025-09-18 21:48:40 | [11/12] step 00200/00314 loss=0.01031 | 160.9 img/s
2025-09-18 21:49:00 | [11/12] step 00300/00314 loss=0.01217 | 161.5 img/s
2025-09-18 21:49:03 | [11/12] step 00314/00314 loss=0.01221 | 161.6 img/s
2025-09-18 21:49:08 | [VAL 11 thr=0.50] acc=91.77% prec1=1.0000 recall1=0.3857 tnr=1.0000 f1=0.5567 f2=0.4397 balacc=0.6928 TP=113 FP=0 TN=1894 FN=180
2025-09-18 21:49:08 | [VAL 11 best by balacc] thr=0.140 acc=93.19% prec1=0.8077 recall1=0.6451 tnr=0.9762 f1=0.7173 f2=0.6721 balacc=0.8106 TP=189 FP=45 TN=1849 FN=104
2025-09-18 21:49:29 | [12/12] step 00100/00314 loss=0.01096 | 158.5 img/s
2025-09-18 21:49:48 | [12/12] step 00200/00314 loss=0.00983 | 160.0 img/s
2025-09-18 21:50:08 | [12/12] step 00300/00314 loss=0.01071 | 161.1 img/s
2025-09-18 21:50:11 | [12/12] step 00314/00314 loss=0.01089 | 161.2 img/s
2025-09-18 21:50:16 | [VAL 12 thr=0.50] acc=92.36% prec1=1.0000 recall1=0.4300 tnr=1.0000 f1=0.6014 f2=0.4854 balacc=0.7150 TP=126 FP=0 TN=1894 FN=167
2025-09-18 21:50:16 | [VAL 12 best by balacc] thr=0.160 acc=91.91% prec1=0.7522 recall1=0.5904 tnr=0.9699 f1=0.6616 f2=0.6170 balacc=0.7802 TP=173 FP=57 TN=1837 FN=120
2025-09-18 21:50:17 | [OK] Training finished. Checkpoints at: /home/ana/Downloads/Ana/satelite/models/deepnet/raw
2025-09-18 21:50:22 | [INFO] device=cuda:0 ddp=True world_size=2 arch=deepnet121 modality=hough aug_policy=rebalance
2025-09-18 21:50:22 | [INFO] GPU=NVIDIA GeForce GTX 1080 Ti CC=(6, 1)
2025-09-18 21:50:22 | [INFO] FocalLoss for training; TF32 allowed if supported.
2025-09-18 21:50:22 | [INFO] train after aug-policy='rebalance': n=10044 pos=1345 pos_rate=0.133911
2025-09-18 21:52:01 | [01/12] step 00100/00314 loss=0.02614 | 32.3 img/s
2025-09-18 21:53:19 | [01/12] step 00200/00314 loss=0.02893 | 36.2 img/s
2025-09-18 21:54:38 | [01/12] step 00300/00314 loss=0.03359 | 37.6 img/s
2025-09-18 21:55:10 | [01/12] step 00314/00314 loss=0.03376 | 34.9 img/s
2025-09-18 21:55:53 | [VAL 01 thr=0.50] acc=86.60% prec1=0.0000 recall1=0.0000 tnr=1.0000 f1=0.0000 f2=0.0000 balacc=0.5000 TP=0 FP=0 TN=1894 FN=293
2025-09-18 21:55:53 | [VAL 01 best by balacc] thr=0.180 acc=75.08% prec1=0.3240 recall1=0.7918 tnr=0.7445 f1=0.4599 f2=0.6144 balacc=0.7681 TP=232 FP=484 TN=1410 FN=61
2025-09-18 21:55:53 | [CKPT] Saved BEST → /home/ana/Downloads/Ana/satelite/models/deepnet/hough/best.pt | balacc=0.7681 | thr=0.180
2025-09-18 21:57:12 | [02/12] step 00100/00314 loss=0.02371 | 40.6 img/s
2025-09-18 21:58:30 | [02/12] step 00200/00314 loss=0.02684 | 40.7 img/s
2025-09-18 21:59:49 | [02/12] step 00300/00314 loss=0.03174 | 40.7 img/s
2025-09-18 22:00:00 | [02/12] step 00314/00314 loss=0.03200 | 40.7 img/s
2025-09-18 22:00:24 | [VAL 02 thr=0.50] acc=86.60% prec1=0.0000 recall1=0.0000 tnr=1.0000 f1=0.0000 f2=0.0000 balacc=0.5000 TP=0 FP=0 TN=1894 FN=293
2025-09-18 22:00:24 | [VAL 02 best by balacc] thr=0.160 acc=70.83% prec1=0.2944 recall1=0.8430 tnr=0.6874 f1=0.4364 f2=0.6141 balacc=0.7652 TP=247 FP=592 TN=1302 FN=46
2025-09-18 22:01:44 | [03/12] step 00100/00314 loss=0.02297 | 40.2 img/s
2025-09-18 22:03:03 | [03/12] step 00200/00314 loss=0.02631 | 40.4 img/s
2025-09-18 22:04:21 | [03/12] step 00300/00314 loss=0.03126 | 40.5 img/s
2025-09-18 22:04:32 | [03/12] step 00314/00314 loss=0.03154 | 40.5 img/s
2025-09-18 22:04:57 | [VAL 03 thr=0.50] acc=86.60% prec1=0.0000 recall1=0.0000 tnr=1.0000 f1=0.0000 f2=0.0000 balacc=0.5000 TP=0 FP=0 TN=1894 FN=293
2025-09-18 22:04:57 | [VAL 03 best by balacc] thr=0.160 acc=71.33% prec1=0.2983 recall1=0.8430 tnr=0.6932 f1=0.4407 f2=0.6175 balacc=0.7681 TP=247 FP=581 TN=1313 FN=46
2025-09-18 22:06:18 | [04/12] step 00100/00314 loss=0.02281 | 39.6 img/s
2025-09-18 22:07:36 | [04/12] step 00200/00314 loss=0.02601 | 40.2 img/s
2025-09-18 22:08:54 | [04/12] step 00300/00314 loss=0.03061 | 40.4 img/s
2025-09-18 22:09:05 | [04/12] step 00314/00314 loss=0.03085 | 40.4 img/s
2025-09-18 22:09:30 | [VAL 04 thr=0.50] acc=86.60% prec1=0.0000 recall1=0.0000 tnr=1.0000 f1=0.0000 f2=0.0000 balacc=0.5000 TP=0 FP=0 TN=1894 FN=293
2025-09-18 22:09:30 | [VAL 04 best by balacc] thr=0.180 acc=81.53% prec1=0.3935 recall1=0.6997 tnr=0.8332 f1=0.5037 f2=0.6054 balacc=0.7664 TP=205 FP=316 TN=1578 FN=88
2025-09-18 22:10:49 | [05/12] step 00100/00314 loss=0.02229 | 40.2 img/s
2025-09-18 22:12:08 | [05/12] step 00200/00314 loss=0.02510 | 40.4 img/s
2025-09-18 22:13:27 | [05/12] step 00300/00314 loss=0.02951 | 40.5 img/s
2025-09-18 22:13:38 | [05/12] step 00314/00314 loss=0.02976 | 40.5 img/s
2025-09-18 22:14:02 | [VAL 05 thr=0.50] acc=86.60% prec1=0.0000 recall1=0.0000 tnr=1.0000 f1=0.0000 f2=0.0000 balacc=0.5000 TP=0 FP=0 TN=1894 FN=293
2025-09-18 22:14:02 | [VAL 05 best by balacc] thr=0.160 acc=76.63% prec1=0.3383 recall1=0.7782 tnr=0.7645 f1=0.4716 f2=0.6176 balacc=0.7713 TP=228 FP=446 TN=1448 FN=65
2025-09-18 22:14:02 | [CKPT] Saved BEST → /home/ana/Downloads/Ana/satelite/models/deepnet/hough/best.pt | balacc=0.7713 | thr=0.160
2025-09-18 22:15:22 | [06/12] step 00100/00314 loss=0.02121 | 40.3 img/s
2025-09-18 22:16:40 | [06/12] step 00200/00314 loss=0.02460 | 40.5 img/s
2025-09-18 22:17:59 | [06/12] step 00300/00314 loss=0.02874 | 40.6 img/s
2025-09-18 22:18:10 | [06/12] step 00314/00314 loss=0.02899 | 40.6 img/s
2025-09-18 22:18:34 | [VAL 06 thr=0.50] acc=86.60% prec1=0.0000 recall1=0.0000 tnr=1.0000 f1=0.0000 f2=0.0000 balacc=0.5000 TP=0 FP=0 TN=1894 FN=293
2025-09-18 22:18:34 | [VAL 06 best by balacc] thr=0.220 acc=77.05% prec1=0.3443 recall1=0.7884 tnr=0.7677 f1=0.4793 f2=0.6267 balacc=0.7780 TP=231 FP=440 TN=1454 FN=62
2025-09-18 22:18:34 | [CKPT] Saved BEST → /home/ana/Downloads/Ana/satelite/models/deepnet/hough/best.pt | balacc=0.7780 | thr=0.220
2025-09-18 22:19:54 | [07/12] step 00100/00314 loss=0.02131 | 40.3 img/s
2025-09-18 22:21:12 | [07/12] step 00200/00314 loss=0.02464 | 40.5 img/s
2025-09-18 22:22:31 | [07/12] step 00300/00314 loss=0.02872 | 40.6 img/s
2025-09-18 22:22:42 | [07/12] step 00314/00314 loss=0.02899 | 40.6 img/s
2025-09-18 22:23:06 | [VAL 07 thr=0.50] acc=86.92% prec1=0.8889 recall1=0.0273 tnr=0.9995 f1=0.0530 f2=0.0339 balacc=0.5134 TP=8 FP=1 TN=1893 FN=285
2025-09-18 22:23:06 | [VAL 07 best by balacc] thr=0.220 acc=81.48% prec1=0.4018 recall1=0.7816 tnr=0.8200 f1=0.5307 f2=0.6573 balacc=0.8008 TP=229 FP=341 TN=1553 FN=64
2025-09-18 22:23:06 | [CKPT] Saved BEST → /home/ana/Downloads/Ana/satelite/models/deepnet/hough/best.pt | balacc=0.8008 | thr=0.220
2025-09-18 22:24:26 | [08/12] step 00100/00314 loss=0.02112 | 40.3 img/s
2025-09-18 22:25:44 | [08/12] step 00200/00314 loss=0.02407 | 40.5 img/s
2025-09-18 22:33:25 | [INFO] device=cuda:0 ddp=True world_size=2 arch=deepnet121 modality=hough aug_policy=rebalance
2025-09-18 22:33:25 | [INFO] GPU=NVIDIA GeForce GTX 1080 Ti CC=(6, 1)
2025-09-18 22:33:25 | [INFO] FocalLoss for training; TF32 allowed if supported.
2025-09-18 22:33:25 | [INFO] train after aug-policy='rebalance': n=10044 pos=1345 pos_rate=0.133911
2025-09-18 22:35:00 | [01/12] step 00100/00314 loss=0.02567 | 33.6 img/s
2025-09-18 22:36:16 | [01/12] step 00200/00314 loss=0.02787 | 37.5 img/s
2025-09-18 22:37:33 | [01/12] step 00300/00314 loss=0.03191 | 38.7 img/s
2025-09-18 22:38:06 | [01/12] step 00314/00314 loss=0.03224 | 35.8 img/s
2025-09-18 22:38:48 | [VAL 01 thr=0.50] acc=13.40% prec1=0.1340 recall1=1.0000 tnr=0.0000 f1=0.2363 f2=0.4361 balacc=0.5000 TP=293 FP=1894 TN=0 FN=0
2025-09-18 22:38:48 | [VAL 01 best by balacc] thr=0.900 acc=74.94% prec1=0.3279 recall1=0.8294 tnr=0.7371 f1=0.4700 f2=0.6351 balacc=0.7832 TP=243 FP=498 TN=1396 FN=50
2025-09-18 22:38:48 | [CKPT] Saved BEST → /home/ana/Downloads/Ana/satelite/models/deepnet/hough/best.pt | balacc=0.7832 | thr=0.900
2025-09-18 22:40:06 | [02/12] step 00100/00314 loss=0.02278 | 41.1 img/s
2025-09-18 22:41:24 | [02/12] step 00200/00314 loss=0.02625 | 41.1 img/s
2025-09-18 22:42:42 | [02/12] step 00300/00314 loss=0.03177 | 41.1 img/s
2025-09-18 22:42:53 | [02/12] step 00314/00314 loss=0.03203 | 41.0 img/s
2025-09-18 22:43:17 | [VAL 02 thr=0.50] acc=86.60% prec1=0.0000 recall1=0.0000 tnr=1.0000 f1=0.0000 f2=0.0000 balacc=0.5000 TP=0 FP=0 TN=1894 FN=293
2025-09-18 22:43:17 | [VAL 02 best by balacc] thr=0.260 acc=76.04% prec1=0.3343 recall1=0.7952 tnr=0.7550 f1=0.4707 f2=0.6233 balacc=0.7751 TP=233 FP=464 TN=1430 FN=60
2025-09-18 22:44:37 | [03/12] step 00100/00314 loss=0.02399 | 40.4 img/s
2025-09-18 22:45:55 | [03/12] step 00200/00314 loss=0.02640 | 40.6 img/s
2025-09-18 22:47:14 | [03/12] step 00300/00314 loss=0.03157 | 40.6 img/s
2025-09-18 22:47:25 | [03/12] step 00314/00314 loss=0.03180 | 40.6 img/s
2025-09-18 22:47:49 | [VAL 03 thr=0.50] acc=86.60% prec1=0.0000 recall1=0.0000 tnr=1.0000 f1=0.0000 f2=0.0000 balacc=0.5000 TP=0 FP=0 TN=1894 FN=293
2025-09-18 22:47:49 | [VAL 03 best by balacc] thr=0.180 acc=80.02% prec1=0.3737 recall1=0.7270 tnr=0.8115 f1=0.4936 f2=0.6114 balacc=0.7692 TP=213 FP=357 TN=1537 FN=80
2025-09-18 22:49:09 | [04/12] step 00100/00314 loss=0.02354 | 40.3 img/s
2025-09-18 22:50:27 | [04/12] step 00200/00314 loss=0.02588 | 40.5 img/s
2025-09-18 22:51:46 | [04/12] step 00300/00314 loss=0.03077 | 40.6 img/s
2025-09-18 22:51:56 | [04/12] step 00314/00314 loss=0.03099 | 40.6 img/s
2025-09-18 22:52:21 | [VAL 04 thr=0.50] acc=86.60% prec1=0.0000 recall1=0.0000 tnr=1.0000 f1=0.0000 f2=0.0000 balacc=0.5000 TP=0 FP=0 TN=1894 FN=293
2025-09-18 22:52:21 | [VAL 04 best by balacc] thr=0.100 acc=86.60% prec1=0.0000 recall1=0.0000 tnr=1.0000 f1=0.0000 f2=0.0000 balacc=0.5000 TP=0 FP=0 TN=1894 FN=293
2025-09-18 22:53:40 | [05/12] step 00100/00314 loss=0.02306 | 40.3 img/s
2025-09-18 22:54:59 | [05/12] step 00200/00314 loss=0.02570 | 40.5 img/s
2025-09-18 22:56:17 | [05/12] step 00300/00314 loss=0.03065 | 40.6 img/s
2025-09-18 22:56:28 | [05/12] step 00314/00314 loss=0.03088 | 40.6 img/s
2025-09-18 22:56:52 | [VAL 05 thr=0.50] acc=86.60% prec1=0.0000 recall1=0.0000 tnr=1.0000 f1=0.0000 f2=0.0000 balacc=0.5000 TP=0 FP=0 TN=1894 FN=293
2025-09-18 22:56:52 | [VAL 05 best by balacc] thr=0.100 acc=86.60% prec1=0.0000 recall1=0.0000 tnr=1.0000 f1=0.0000 f2=0.0000 balacc=0.5000 TP=0 FP=0 TN=1894 FN=293
2025-09-18 22:58:12 | [06/12] step 00100/00314 loss=0.02322 | 40.3 img/s
2025-09-18 22:59:30 | [06/12] step 00200/00314 loss=0.02585 | 40.6 img/s
2025-09-18 23:00:49 | [06/12] step 00300/00314 loss=0.03064 | 40.6 img/s
2025-09-18 23:01:00 | [06/12] step 00314/00314 loss=0.03081 | 40.6 img/s
2025-09-18 23:01:24 | [VAL 06 thr=0.50] acc=86.60% prec1=0.0000 recall1=0.0000 tnr=1.0000 f1=0.0000 f2=0.0000 balacc=0.5000 TP=0 FP=0 TN=1894 FN=293
2025-09-18 23:01:24 | [VAL 06 best by balacc] thr=0.100 acc=86.60% prec1=0.0000 recall1=0.0000 tnr=1.0000 f1=0.0000 f2=0.0000 balacc=0.5000 TP=0 FP=0 TN=1894 FN=293
2025-09-18 23:02:44 | [07/12] step 00100/00314 loss=0.02217 | 40.2 img/s
2025-09-18 23:04:03 | [07/12] step 00200/00314 loss=0.02490 | 40.4 img/s
2025-09-18 23:05:21 | [07/12] step 00300/00314 loss=0.02967 | 40.5 img/s
2025-09-18 23:05:32 | [07/12] step 00314/00314 loss=0.02986 | 40.5 img/s
2025-09-18 23:05:57 | [VAL 07 thr=0.50] acc=86.60% prec1=0.0000 recall1=0.0000 tnr=1.0000 f1=0.0000 f2=0.0000 balacc=0.5000 TP=0 FP=0 TN=1894 FN=293
2025-09-18 23:05:57 | [VAL 07 best by balacc] thr=0.120 acc=72.52% prec1=0.3021 recall1=0.8020 tnr=0.7133 f1=0.4388 f2=0.6026 balacc=0.7577 TP=235 FP=543 TN=1351 FN=58
2025-09-18 23:07:17 | [08/12] step 00100/00314 loss=0.02197 | 40.1 img/s
2025-09-18 23:08:36 | [08/12] step 00200/00314 loss=0.02449 | 40.3 img/s
2025-09-18 23:09:55 | [08/12] step 00300/00314 loss=0.02913 | 40.4 img/s
2025-09-18 23:10:06 | [08/12] step 00314/00314 loss=0.02937 | 40.4 img/s
2025-09-18 23:10:30 | [VAL 08 thr=0.50] acc=86.60% prec1=0.0000 recall1=0.0000 tnr=1.0000 f1=0.0000 f2=0.0000 balacc=0.5000 TP=0 FP=0 TN=1894 FN=293
2025-09-18 23:10:30 | [VAL 08 best by balacc] thr=0.100 acc=73.07% prec1=0.3027 recall1=0.7747 tnr=0.7239 f1=0.4353 f2=0.5905 balacc=0.7493 TP=227 FP=523 TN=1371 FN=66
2025-09-18 23:11:50 | [09/12] step 00100/00314 loss=0.02217 | 39.9 img/s
2025-09-18 23:13:09 | [09/12] step 00200/00314 loss=0.02449 | 40.2 img/s
2025-09-18 23:14:28 | [09/12] step 00300/00314 loss=0.02896 | 40.3 img/s
2025-09-18 23:14:39 | [09/12] step 00314/00314 loss=0.02915 | 40.3 img/s
2025-09-18 23:15:03 | [VAL 09 thr=0.50] acc=86.60% prec1=0.0000 recall1=0.0000 tnr=1.0000 f1=0.0000 f2=0.0000 balacc=0.5000 TP=0 FP=0 TN=1894 FN=293
2025-09-18 23:15:03 | [VAL 09 best by balacc] thr=0.100 acc=86.69% prec1=0.5036 recall1=0.4812 tnr=0.9266 f1=0.4921 f2=0.4855 balacc=0.7039 TP=141 FP=139 TN=1755 FN=152
2025-09-18 23:16:23 | [10/12] step 00100/00314 loss=0.02179 | 40.1 img/s
2025-09-18 23:17:42 | [10/12] step 00200/00314 loss=0.02419 | 40.3 img/s
2025-09-18 23:19:01 | [10/12] step 00300/00314 loss=0.02861 | 40.4 img/s
2025-09-18 23:19:12 | [10/12] step 00314/00314 loss=0.02881 | 40.4 img/s
2025-09-18 23:19:36 | [VAL 10 thr=0.50] acc=87.56% prec1=0.8621 recall1=0.0853 tnr=0.9979 f1=0.1553 f2=0.1041 balacc=0.5416 TP=25 FP=4 TN=1890 FN=268
2025-09-18 23:19:36 | [VAL 10 best by balacc] thr=0.280 acc=76.27% prec1=0.3348 recall1=0.7816 tnr=0.7598 f1=0.4688 f2=0.6169 balacc=0.7707 TP=229 FP=455 TN=1439 FN=64
2025-09-18 23:20:56 | [11/12] step 00100/00314 loss=0.02155 | 40.1 img/s
2025-09-18 23:22:15 | [11/12] step 00200/00314 loss=0.02409 | 40.3 img/s
2025-09-18 23:23:34 | [11/12] step 00300/00314 loss=0.02844 | 40.4 img/s
2025-09-18 23:23:45 | [11/12] step 00314/00314 loss=0.02862 | 40.4 img/s
2025-09-18 23:24:09 | [VAL 11 thr=0.50] acc=86.60% prec1=0.0000 recall1=0.0000 tnr=1.0000 f1=0.0000 f2=0.0000 balacc=0.5000 TP=0 FP=0 TN=1894 FN=293
2025-09-18 23:24:09 | [VAL 11 best by balacc] thr=0.100 acc=86.60% prec1=0.0000 recall1=0.0000 tnr=1.0000 f1=0.0000 f2=0.0000 balacc=0.5000 TP=0 FP=0 TN=1894 FN=293
2025-09-18 23:25:29 | [12/12] step 00100/00314 loss=0.02082 | 40.1 img/s
2025-09-18 23:26:48 | [12/12] step 00200/00314 loss=0.02377 | 40.3 img/s
2025-09-18 23:28:06 | [12/12] step 00300/00314 loss=0.02799 | 40.5 img/s
2025-09-18 23:28:17 | [12/12] step 00314/00314 loss=0.02819 | 40.5 img/s
2025-09-18 23:28:42 | [VAL 12 thr=0.50] acc=86.60% prec1=0.0000 recall1=0.0000 tnr=1.0000 f1=0.0000 f2=0.0000 balacc=0.5000 TP=0 FP=0 TN=1894 FN=293
2025-09-18 23:28:42 | [VAL 12 best by balacc] thr=0.100 acc=86.60% prec1=0.0000 recall1=0.0000 tnr=1.0000 f1=0.0000 f2=0.0000 balacc=0.5000 TP=0 FP=0 TN=1894 FN=293
2025-09-18 23:28:42 | [OK] Training finished. Checkpoints at: /home/ana/Downloads/Ana/satelite/models/deepnet/hough
2025-09-18 23:28:48 | [INFO] device=cuda:0 ddp=True world_size=2 arch=deepnet121 modality=combined aug_policy=rebalance
2025-09-18 23:28:48 | [INFO] GPU=NVIDIA GeForce GTX 1080 Ti CC=(6, 1)
2025-09-18 23:28:48 | [INFO] FocalLoss for training; TF32 allowed if supported.
2025-09-18 23:28:48 | [INFO] train after aug-policy='rebalance': n=10044 pos=1345 pos_rate=0.133911
2025-09-18 23:29:13 | [01/12] step 00100/00314 loss=0.02557 | 128.8 img/s
2025-09-18 23:29:33 | [01/12] step 00200/00314 loss=0.02483 | 142.6 img/s
2025-09-18 23:29:53 | [01/12] step 00300/00314 loss=0.02750 | 148.0 img/s
2025-09-18 23:30:00 | [01/12] step 00314/00314 loss=0.02743 | 140.2 img/s
2025-09-18 23:30:08 | [VAL 01 thr=0.50] acc=90.53% prec1=0.7560 recall1=0.4334 tnr=0.9784 f1=0.5510 f2=0.4739 balacc=0.7059 TP=127 FP=41 TN=1853 FN=166
2025-09-18 23:30:08 | [VAL 01 best by balacc] thr=0.240 acc=81.44% prec1=0.4084 recall1=0.8601 tnr=0.8073 f1=0.5538 f2=0.7043 balacc=0.8337 TP=252 FP=365 TN=1529 FN=41
2025-09-18 23:30:09 | [CKPT] Saved BEST → /home/ana/Downloads/Ana/satelite/models/deepnet/combined/best.pt | balacc=0.8337 | thr=0.240
2025-09-18 23:30:29 | [02/12] step 00100/00314 loss=0.01697 | 159.1 img/s
2025-09-18 23:30:49 | [02/12] step 00200/00314 loss=0.01848 | 159.9 img/s
2025-09-18 23:31:08 | [02/12] step 00300/00314 loss=0.02205 | 160.2 img/s
2025-09-18 23:31:11 | [02/12] step 00314/00314 loss=0.02206 | 160.0 img/s
2025-09-18 23:31:17 | [VAL 02 thr=0.50] acc=90.17% prec1=0.8047 recall1=0.3515 tnr=0.9868 f1=0.4893 f2=0.3962 balacc=0.6692 TP=103 FP=25 TN=1869 FN=190
2025-09-18 23:31:17 | [VAL 02 best by balacc] thr=0.280 acc=90.72% prec1=0.6520 recall1=0.6587 tnr=0.9456 f1=0.6553 f2=0.6574 balacc=0.8022 TP=193 FP=103 TN=1791 FN=100
2025-09-18 23:31:37 | [03/12] step 00100/00314 loss=0.01446 | 158.2 img/s
2025-09-18 23:31:58 | [03/12] step 00200/00314 loss=0.01630 | 158.3 img/s
2025-09-18 23:32:17 | [03/12] step 00300/00314 loss=0.01908 | 159.5 img/s
2025-09-18 23:32:20 | [03/12] step 00314/00314 loss=0.01924 | 159.2 img/s
2025-09-18 23:32:26 | [VAL 03 thr=0.50] acc=90.08% prec1=1.0000 recall1=0.2594 tnr=1.0000 f1=0.4119 f2=0.3045 balacc=0.6297 TP=76 FP=0 TN=1894 FN=217
2025-09-18 23:32:26 | [VAL 03 best by balacc] thr=0.220 acc=91.68% prec1=0.7362 recall1=0.5904 tnr=0.9673 f1=0.6553 f2=0.6148 balacc=0.7789 TP=173 FP=62 TN=1832 FN=120
2025-09-18 23:32:47 | [04/12] step 00100/00314 loss=0.01388 | 155.0 img/s
2025-09-18 23:33:07 | [04/12] step 00200/00314 loss=0.01427 | 157.5 img/s
2025-09-18 23:33:27 | [04/12] step 00300/00314 loss=0.01699 | 157.3 img/s
2025-09-18 23:33:30 | [04/12] step 00314/00314 loss=0.01716 | 157.2 img/s
2025-09-18 23:33:36 | [VAL 04 thr=0.50] acc=74.30% prec1=0.2984 recall1=0.6792 tnr=0.7529 f1=0.4146 f2=0.5411 balacc=0.7160 TP=199 FP=468 TN=1426 FN=94
2025-09-18 23:33:36 | [VAL 04 best by balacc] thr=0.600 acc=79.42% prec1=0.3522 recall1=0.6382 tnr=0.8184 f1=0.4539 f2=0.5490 balacc=0.7283 TP=187 FP=344 TN=1550 FN=106
2025-09-18 23:33:56 | [05/12] step 00100/00314 loss=0.01524 | 157.6 img/s
2025-09-18 23:34:16 | [05/12] step 00200/00314 loss=0.01548 | 158.3 img/s
2025-09-18 23:34:37 | [05/12] step 00300/00314 loss=0.01763 | 158.7 img/s
2025-09-18 23:34:39 | [05/12] step 00314/00314 loss=0.01768 | 158.9 img/s
2025-09-18 23:34:45 | [VAL 05 thr=0.50] acc=92.78% prec1=0.9720 recall1=0.4744 tnr=0.9979 f1=0.6376 f2=0.5285 balacc=0.7361 TP=139 FP=4 TN=1890 FN=154
2025-09-18 23:34:45 | [VAL 05 best by balacc] thr=0.200 acc=90.72% prec1=0.6406 recall1=0.6997 tnr=0.9393 f1=0.6688 f2=0.6870 balacc=0.8195 TP=205 FP=115 TN=1779 FN=88
2025-09-18 23:35:06 | [06/12] step 00100/00314 loss=0.01322 | 154.6 img/s
2025-09-18 23:35:26 | [06/12] step 00200/00314 loss=0.01341 | 156.9 img/s
2025-09-18 23:35:46 | [06/12] step 00300/00314 loss=0.01529 | 157.9 img/s
2025-09-18 23:35:49 | [06/12] step 00314/00314 loss=0.01519 | 157.8 img/s
2025-09-18 23:35:55 | [VAL 06 thr=0.50] acc=89.57% prec1=0.7559 recall1=0.3276 tnr=0.9836 f1=0.4571 f2=0.3695 balacc=0.6556 TP=96 FP=31 TN=1863 FN=197
2025-09-18 23:35:55 | [VAL 06 best by balacc] thr=0.120 acc=88.34% prec1=0.5490 recall1=0.7270 tnr=0.9076 f1=0.6256 f2=0.6827 balacc=0.8173 TP=213 FP=175 TN=1719 FN=80
2025-09-18 23:36:15 | [07/12] step 00100/00314 loss=0.01339 | 155.3 img/s
2025-09-18 23:36:35 | [07/12] step 00200/00314 loss=0.01285 | 157.6 img/s
2025-09-18 23:36:55 | [07/12] step 00300/00314 loss=0.01489 | 158.0 img/s
2025-09-18 23:36:58 | [07/12] step 00314/00314 loss=0.01486 | 158.1 img/s
2025-09-18 23:37:04 | [VAL 07 thr=0.50] acc=91.86% prec1=0.8912 recall1=0.4471 tnr=0.9916 f1=0.5955 f2=0.4966 balacc=0.7193 TP=131 FP=16 TN=1878 FN=162
2025-09-18 23:37:04 | [VAL 07 best by balacc] thr=0.240 acc=92.91% prec1=0.7614 recall1=0.6860 tnr=0.9667 f1=0.7217 f2=0.6999 balacc=0.8264 TP=201 FP=63 TN=1831 FN=92
2025-09-18 23:37:25 | [08/12] step 00100/00314 loss=0.01084 | 156.7 img/s
2025-09-18 23:37:45 | [08/12] step 00200/00314 loss=0.01122 | 157.2 img/s
2025-09-18 23:38:05 | [08/12] step 00300/00314 loss=0.01293 | 157.7 img/s
2025-09-18 23:38:08 | [08/12] step 00314/00314 loss=0.01300 | 157.9 img/s
2025-09-18 23:38:14 | [VAL 08 thr=0.50] acc=93.23% prec1=0.9866 recall1=0.5017 tnr=0.9989 f1=0.6652 f2=0.5564 balacc=0.7503 TP=147 FP=2 TN=1892 FN=146
2025-09-18 23:38:14 | [VAL 08 best by balacc] thr=0.260 acc=92.68% prec1=0.7491 recall1=0.6826 tnr=0.9646 f1=0.7143 f2=0.6949 balacc=0.8236 TP=200 FP=67 TN=1827 FN=93
2025-09-18 23:38:34 | [09/12] step 00100/00314 loss=0.01122 | 157.6 img/s
2025-09-18 23:38:54 | [09/12] step 00200/00314 loss=0.01095 | 158.9 img/s
2025-09-18 23:39:14 | [09/12] step 00300/00314 loss=0.01244 | 158.9 img/s
2025-09-18 23:39:17 | [09/12] step 00314/00314 loss=0.01251 | 158.8 img/s
2025-09-18 23:39:23 | [VAL 09 thr=0.50] acc=92.87% prec1=1.0000 recall1=0.4676 tnr=1.0000 f1=0.6372 f2=0.5233 balacc=0.7338 TP=137 FP=0 TN=1894 FN=156
2025-09-18 23:39:23 | [VAL 09 best by balacc] thr=0.280 acc=92.87% prec1=0.7842 recall1=0.6451 tnr=0.9725 f1=0.7079 f2=0.6688 balacc=0.8088 TP=189 FP=52 TN=1842 FN=104
2025-09-18 23:39:44 | [10/12] step 00100/00314 loss=0.00935 | 153.2 img/s
2025-09-18 23:40:04 | [10/12] step 00200/00314 loss=0.01018 | 156.5 img/s
2025-09-18 23:40:24 | [10/12] step 00300/00314 loss=0.01132 | 157.3 img/s
2025-09-18 23:40:27 | [10/12] step 00314/00314 loss=0.01135 | 157.5 img/s
2025-09-18 23:40:32 | [VAL 10 thr=0.50] acc=93.37% prec1=0.8776 recall1=0.5870 tnr=0.9873 f1=0.7035 f2=0.6287 balacc=0.7872 TP=172 FP=24 TN=1870 FN=121
2025-09-18 23:40:32 | [VAL 10 best by balacc] thr=0.300 acc=93.64% prec1=0.7637 recall1=0.7611 tnr=0.9636 f1=0.7624 f2=0.7616 balacc=0.8623 TP=223 FP=69 TN=1825 FN=70
2025-09-18 23:40:32 | [CKPT] Saved BEST → /home/ana/Downloads/Ana/satelite/models/deepnet/combined/best.pt | balacc=0.8623 | thr=0.300
2025-09-18 23:40:53 | [11/12] step 00100/00314 loss=0.01002 | 157.6 img/s
2025-09-18 23:41:13 | [11/12] step 00200/00314 loss=0.00953 | 157.7 img/s
2025-09-18 23:41:33 | [11/12] step 00300/00314 loss=0.01155 | 158.6 img/s
2025-09-18 23:41:36 | [11/12] step 00314/00314 loss=0.01171 | 158.7 img/s
2025-09-18 23:41:42 | [VAL 11 thr=0.50] acc=94.01% prec1=1.0000 recall1=0.5529 tnr=1.0000 f1=0.7121 f2=0.6072 balacc=0.7765 TP=162 FP=0 TN=1894 FN=131
2025-09-18 23:41:42 | [VAL 11 best by balacc] thr=0.200 acc=93.78% prec1=0.8127 recall1=0.6962 tnr=0.9752 f1=0.7500 f2=0.7168 balacc=0.8357 TP=204 FP=47 TN=1847 FN=89
2025-09-18 23:42:02 | [12/12] step 00100/00314 loss=0.00887 | 156.3 img/s
2025-09-18 23:42:22 | [12/12] step 00200/00314 loss=0.00849 | 158.2 img/s
2025-09-18 23:42:43 | [12/12] step 00300/00314 loss=0.01043 | 157.7 img/s
2025-09-18 23:42:45 | [12/12] step 00314/00314 loss=0.01052 | 157.8 img/s
2025-09-18 23:42:51 | [VAL 12 thr=0.50] acc=92.09% prec1=0.9545 recall1=0.4300 tnr=0.9968 f1=0.5929 f2=0.4831 balacc=0.7134 TP=126 FP=6 TN=1888 FN=167
2025-09-18 23:42:51 | [VAL 12 best by balacc] thr=0.360 acc=90.12% prec1=0.6475 recall1=0.5768 tnr=0.9514 f1=0.6101 f2=0.5897 balacc=0.7641 TP=169 FP=92 TN=1802 FN=124
2025-09-18 23:42:52 | [OK] Training finished. Checkpoints at: /home/ana/Downloads/Ana/satelite/models/deepnet/combined
